2021-03-27 04:34:24,504 INFO 763452 [egg-schedule]: register schedule /graphql-demo/apps/user/node_modules/egg-multipart/app/schedule/clean_tmpdir.js
2021-03-27 04:34:24,504 INFO 763452 [egg-schedule]: register schedule /graphql-demo/apps/user/node_modules/egg-logrotator/app/schedule/clean_log.js
2021-03-27 04:34:24,504 INFO 763452 [egg-schedule]: register schedule /graphql-demo/apps/user/node_modules/egg-logrotator/app/schedule/rotate_by_file.js
2021-03-27 04:34:28,627 INFO 763430 [Timer] /graphql-demo/apps/user/node_modules/egg-multipart/app/schedule/clean_tmpdir.js next time will execute after 86131377ms at 2021-03-28 04:30:00.003
2021-03-27 04:34:28,627 INFO 763430 [Timer] /graphql-demo/apps/user/node_modules/egg-logrotator/app/schedule/clean_log.js next time will execute after 69931373ms at 2021-03-28 00:00:00.000
2021-03-27 04:34:28,628 INFO 763430 [Timer] /graphql-demo/apps/user/node_modules/egg-logrotator/app/schedule/rotate_by_file.js next time will execute after 69932373ms at 2021-03-28 00:00:01.001
2021-03-27 04:37:44,531 INFO 763930 [Timer] /graphql-demo/apps/user/node_modules/egg-multipart/app/schedule/clean_tmpdir.js next time will execute after 85935473ms at 2021-03-28 04:30:00.004
2021-03-27 04:37:44,531 INFO 763930 [Timer] /graphql-demo/apps/user/node_modules/egg-logrotator/app/schedule/clean_log.js next time will execute after 69735469ms at 2021-03-28 00:00:00.000
2021-03-27 04:37:44,532 INFO 763930 [Timer] /graphql-demo/apps/user/node_modules/egg-logrotator/app/schedule/rotate_by_file.js next time will execute after 69736469ms at 2021-03-28 00:00:01.001
2021-03-27 04:37:44,200 INFO 763952 [egg-schedule]: register schedule /graphql-demo/apps/user/node_modules/egg-multipart/app/schedule/clean_tmpdir.js
2021-03-27 04:37:44,200 INFO 763952 [egg-schedule]: register schedule /graphql-demo/apps/user/node_modules/egg-logrotator/app/schedule/clean_log.js
2021-03-27 04:37:44,200 INFO 763952 [egg-schedule]: register schedule /graphql-demo/apps/user/node_modules/egg-logrotator/app/schedule/rotate_by_file.js
2021-03-27 05:04:54,003 INFO 764329 [egg-schedule]: register schedule /graphql-demo/apps/user/node_modules/egg-multipart/app/schedule/clean_tmpdir.js
2021-03-27 05:04:54,003 INFO 764329 [egg-schedule]: register schedule /graphql-demo/apps/user/node_modules/egg-logrotator/app/schedule/clean_log.js
2021-03-27 05:04:54,003 INFO 764329 [egg-schedule]: register schedule /graphql-demo/apps/user/node_modules/egg-logrotator/app/schedule/rotate_by_file.js
2021-03-27 05:06:20,645 INFO 764643 [egg-schedule]: register schedule /graphql-demo/apps/user/node_modules/egg-multipart/app/schedule/clean_tmpdir.js
2021-03-27 05:06:20,645 INFO 764643 [egg-schedule]: register schedule /graphql-demo/apps/user/node_modules/egg-logrotator/app/schedule/clean_log.js
2021-03-27 05:06:20,645 INFO 764643 [egg-schedule]: register schedule /graphql-demo/apps/user/node_modules/egg-logrotator/app/schedule/rotate_by_file.js
2021-03-27 05:06:26,054 INFO 764664 [egg-schedule]: register schedule /graphql-demo/apps/user/node_modules/egg-multipart/app/schedule/clean_tmpdir.js
2021-03-27 05:06:26,054 INFO 764664 [egg-schedule]: register schedule /graphql-demo/apps/user/node_modules/egg-logrotator/app/schedule/clean_log.js
2021-03-27 05:06:26,054 INFO 764664 [egg-schedule]: register schedule /graphql-demo/apps/user/node_modules/egg-logrotator/app/schedule/rotate_by_file.js
2021-03-27 05:06:51,074 INFO 764684 [egg-schedule]: register schedule /graphql-demo/apps/user/node_modules/egg-multipart/app/schedule/clean_tmpdir.js
2021-03-27 05:06:51,075 INFO 764684 [egg-schedule]: register schedule /graphql-demo/apps/user/node_modules/egg-logrotator/app/schedule/clean_log.js
2021-03-27 05:06:51,075 INFO 764684 [egg-schedule]: register schedule /graphql-demo/apps/user/node_modules/egg-logrotator/app/schedule/rotate_by_file.js
2021-03-27 05:07:34,816 INFO 764933 [egg-schedule]: register schedule /graphql-demo/apps/user/node_modules/egg-multipart/app/schedule/clean_tmpdir.js
2021-03-27 05:07:34,816 INFO 764933 [egg-schedule]: register schedule /graphql-demo/apps/user/node_modules/egg-logrotator/app/schedule/clean_log.js
2021-03-27 05:07:34,816 INFO 764933 [egg-schedule]: register schedule /graphql-demo/apps/user/node_modules/egg-logrotator/app/schedule/rotate_by_file.js
2021-03-27 05:08:47,940 INFO 765092 [egg-schedule]: register schedule /graphql-demo/apps/user/node_modules/egg-multipart/app/schedule/clean_tmpdir.js
2021-03-27 05:08:47,940 INFO 765092 [egg-schedule]: register schedule /graphql-demo/apps/user/node_modules/egg-logrotator/app/schedule/clean_log.js
2021-03-27 05:08:47,940 INFO 765092 [egg-schedule]: register schedule /graphql-demo/apps/user/node_modules/egg-logrotator/app/schedule/rotate_by_file.js
2021-03-27 08:36:50,241 INFO 780560 [egg-schedule]: register schedule /graphql-demo/apps/user/node_modules/egg-multipart/app/schedule/clean_tmpdir.js
2021-03-27 08:36:50,241 INFO 780560 [egg-schedule]: register schedule /graphql-demo/apps/user/node_modules/egg-logrotator/app/schedule/clean_log.js
2021-03-27 08:36:50,241 INFO 780560 [egg-schedule]: register schedule /graphql-demo/apps/user/node_modules/egg-logrotator/app/schedule/rotate_by_file.js
2021-03-27 08:36:50,684 INFO 780534 [Timer] /graphql-demo/apps/user/node_modules/egg-multipart/app/schedule/clean_tmpdir.js next time will execute after 71589319ms at 2021-03-28 04:30:00.003
2021-03-27 08:36:50,685 INFO 780534 [Timer] /graphql-demo/apps/user/node_modules/egg-logrotator/app/schedule/clean_log.js next time will execute after 55389316ms at 2021-03-28 00:00:00.001
2021-03-27 08:36:50,685 INFO 780534 [Timer] /graphql-demo/apps/user/node_modules/egg-logrotator/app/schedule/rotate_by_file.js next time will execute after 55390315ms at 2021-03-28 00:00:01.000
2021-03-27 08:39:06,475 INFO 780658 [egg-schedule]: register schedule /graphql-demo/apps/user/node_modules/egg-multipart/app/schedule/clean_tmpdir.js
2021-03-27 08:39:06,475 INFO 780658 [egg-schedule]: register schedule /graphql-demo/apps/user/node_modules/egg-logrotator/app/schedule/clean_log.js
2021-03-27 08:39:06,475 INFO 780658 [egg-schedule]: register schedule /graphql-demo/apps/user/node_modules/egg-logrotator/app/schedule/rotate_by_file.js
2021-03-27 08:42:00,694 INFO 780760 [egg-schedule]: register schedule /graphql-demo/apps/user/node_modules/egg-multipart/app/schedule/clean_tmpdir.js
2021-03-27 08:42:00,694 INFO 780760 [egg-schedule]: register schedule /graphql-demo/apps/user/node_modules/egg-logrotator/app/schedule/clean_log.js
2021-03-27 08:42:00,694 INFO 780760 [egg-schedule]: register schedule /graphql-demo/apps/user/node_modules/egg-logrotator/app/schedule/rotate_by_file.js
2021-03-27 08:49:17,549 INFO 782428 [Timer] /graphql-demo/apps/user/node_modules/egg-multipart/app/schedule/clean_tmpdir.js next time will execute after 70842460ms at 2021-03-28 04:30:00.009
2021-03-27 08:49:17,550 INFO 782428 [Timer] /graphql-demo/apps/user/node_modules/egg-logrotator/app/schedule/clean_log.js next time will execute after 54642450ms at 2021-03-28 00:00:00.000
2021-03-27 08:49:17,551 INFO 782428 [Timer] /graphql-demo/apps/user/node_modules/egg-logrotator/app/schedule/rotate_by_file.js next time will execute after 54643450ms at 2021-03-28 00:00:01.001
2021-03-27 08:49:17,207 INFO 782446 [egg-schedule]: register schedule /graphql-demo/apps/user/node_modules/egg-multipart/app/schedule/clean_tmpdir.js
2021-03-27 08:49:17,207 INFO 782446 [egg-schedule]: register schedule /graphql-demo/apps/user/node_modules/egg-logrotator/app/schedule/clean_log.js
2021-03-27 08:49:17,207 INFO 782446 [egg-schedule]: register schedule /graphql-demo/apps/user/node_modules/egg-logrotator/app/schedule/rotate_by_file.js
2021-03-27 08:50:25,186 INFO 782900 [Timer] /graphql-demo/apps/user/node_modules/egg-multipart/app/schedule/clean_tmpdir.js next time will execute after 70774825ms at 2021-03-28 04:30:00.010
2021-03-27 08:50:25,188 INFO 782900 [Timer] /graphql-demo/apps/user/node_modules/egg-logrotator/app/schedule/clean_log.js next time will execute after 54574814ms at 2021-03-28 00:00:00.002
2021-03-27 08:50:25,189 INFO 782900 [Timer] /graphql-demo/apps/user/node_modules/egg-logrotator/app/schedule/rotate_by_file.js next time will execute after 54575812ms at 2021-03-28 00:00:01.001
2021-03-27 08:50:24,825 INFO 782939 [egg-schedule]: register schedule /graphql-demo/apps/user/node_modules/egg-multipart/app/schedule/clean_tmpdir.js
2021-03-27 08:50:24,826 INFO 782939 [egg-schedule]: register schedule /graphql-demo/apps/user/node_modules/egg-logrotator/app/schedule/clean_log.js
2021-03-27 08:50:24,826 INFO 782939 [egg-schedule]: register schedule /graphql-demo/apps/user/node_modules/egg-logrotator/app/schedule/rotate_by_file.js
2021-03-27 08:50:45,378 INFO 783051 [egg-schedule]: register schedule /graphql-demo/apps/user/node_modules/egg-multipart/app/schedule/clean_tmpdir.js
2021-03-27 08:50:45,378 INFO 783051 [egg-schedule]: register schedule /graphql-demo/apps/user/node_modules/egg-logrotator/app/schedule/clean_log.js
2021-03-27 08:50:45,378 INFO 783051 [egg-schedule]: register schedule /graphql-demo/apps/user/node_modules/egg-logrotator/app/schedule/rotate_by_file.js
2021-03-27 08:51:19,740 INFO 783332 [Timer] /graphql-demo/apps/user/node_modules/egg-multipart/app/schedule/clean_tmpdir.js next time will execute after 70720277ms at 2021-03-28 04:30:00.017
2021-03-27 08:51:19,741 INFO 783332 [Timer] /graphql-demo/apps/user/node_modules/egg-logrotator/app/schedule/clean_log.js next time will execute after 54520260ms at 2021-03-28 00:00:00.001
2021-03-27 08:51:19,742 INFO 783332 [Timer] /graphql-demo/apps/user/node_modules/egg-logrotator/app/schedule/rotate_by_file.js next time will execute after 54521259ms at 2021-03-28 00:00:01.001
2021-03-27 08:51:19,398 INFO 783357 [egg-schedule]: register schedule /graphql-demo/apps/user/node_modules/egg-multipart/app/schedule/clean_tmpdir.js
2021-03-27 08:51:19,398 INFO 783357 [egg-schedule]: register schedule /graphql-demo/apps/user/node_modules/egg-logrotator/app/schedule/clean_log.js
2021-03-27 08:51:19,398 INFO 783357 [egg-schedule]: register schedule /graphql-demo/apps/user/node_modules/egg-logrotator/app/schedule/rotate_by_file.js
2021-03-27 08:56:04,573 INFO 783691 [egg-schedule]: register schedule /graphql-demo/apps/user/node_modules/egg-multipart/app/schedule/clean_tmpdir.js
2021-03-27 08:56:04,573 INFO 783691 [egg-schedule]: register schedule /graphql-demo/apps/user/node_modules/egg-logrotator/app/schedule/clean_log.js
2021-03-27 08:56:04,573 INFO 783691 [egg-schedule]: register schedule /graphql-demo/apps/user/node_modules/egg-logrotator/app/schedule/rotate_by_file.js
2021-03-27 08:56:40,654 INFO 783873 [egg-schedule]: register schedule /graphql-demo/apps/user/node_modules/egg-multipart/app/schedule/clean_tmpdir.js
2021-03-27 08:56:40,654 INFO 783873 [egg-schedule]: register schedule /graphql-demo/apps/user/node_modules/egg-logrotator/app/schedule/clean_log.js
2021-03-27 08:56:40,654 INFO 783873 [egg-schedule]: register schedule /graphql-demo/apps/user/node_modules/egg-logrotator/app/schedule/rotate_by_file.js
2021-03-27 09:06:10,234 INFO 783905 [egg-schedule]: register schedule /graphql-demo/apps/user/node_modules/egg-multipart/app/schedule/clean_tmpdir.js
2021-03-27 09:06:10,234 INFO 783905 [egg-schedule]: register schedule /graphql-demo/apps/user/node_modules/egg-logrotator/app/schedule/clean_log.js
2021-03-27 09:06:10,234 INFO 783905 [egg-schedule]: register schedule /graphql-demo/apps/user/node_modules/egg-logrotator/app/schedule/rotate_by_file.js
