2021-03-25 15:37:02,460 INFO 710919 [egg-schedule]: register schedule /graphql-demo/apps/gateway/node_modules/egg-multipart/app/schedule/clean_tmpdir.js
2021-03-25 15:37:02,460 INFO 710919 [egg-schedule]: register schedule /graphql-demo/apps/gateway/node_modules/egg-logrotator/app/schedule/clean_log.js
2021-03-25 15:37:02,460 INFO 710919 [egg-schedule]: register schedule /graphql-demo/apps/gateway/node_modules/egg-logrotator/app/schedule/rotate_by_file.js
2021-03-25 15:37:03,150 INFO 710908 [Timer] /graphql-demo/apps/gateway/node_modules/egg-multipart/app/schedule/clean_tmpdir.js next time will execute after 46376853ms at 2021-03-26 04:30:00.003
2021-03-25 15:37:03,151 INFO 710908 [Timer] /graphql-demo/apps/gateway/node_modules/egg-logrotator/app/schedule/clean_log.js next time will execute after 30176849ms at 2021-03-26 00:00:00.000
2021-03-25 15:37:03,151 INFO 710908 [Timer] /graphql-demo/apps/gateway/node_modules/egg-logrotator/app/schedule/rotate_by_file.js next time will execute after 30177849ms at 2021-03-26 00:00:01.000
2021-03-25 15:40:08,652 INFO 711046 [egg-schedule]: register schedule /graphql-demo/apps/gateway/node_modules/egg-multipart/app/schedule/clean_tmpdir.js
2021-03-25 15:40:08,652 INFO 711046 [egg-schedule]: register schedule /graphql-demo/apps/gateway/node_modules/egg-logrotator/app/schedule/clean_log.js
2021-03-25 15:40:08,652 INFO 711046 [egg-schedule]: register schedule /graphql-demo/apps/gateway/node_modules/egg-logrotator/app/schedule/rotate_by_file.js
2021-03-25 15:43:03,897 INFO 711746 [egg-schedule]: register schedule /graphql-demo/apps/gateway/node_modules/egg-multipart/app/schedule/clean_tmpdir.js
2021-03-25 15:43:03,897 INFO 711746 [egg-schedule]: register schedule /graphql-demo/apps/gateway/node_modules/egg-logrotator/app/schedule/clean_log.js
2021-03-25 15:43:03,897 INFO 711746 [egg-schedule]: register schedule /graphql-demo/apps/gateway/node_modules/egg-logrotator/app/schedule/rotate_by_file.js
2021-03-25 15:43:19,851 INFO 711868 [egg-schedule]: register schedule /graphql-demo/apps/gateway/node_modules/egg-multipart/app/schedule/clean_tmpdir.js
2021-03-25 15:43:19,851 INFO 711868 [egg-schedule]: register schedule /graphql-demo/apps/gateway/node_modules/egg-logrotator/app/schedule/clean_log.js
2021-03-25 15:43:19,851 INFO 711868 [egg-schedule]: register schedule /graphql-demo/apps/gateway/node_modules/egg-logrotator/app/schedule/rotate_by_file.js
2021-03-25 15:43:26,884 INFO 711948 [egg-schedule]: register schedule /graphql-demo/apps/gateway/node_modules/egg-multipart/app/schedule/clean_tmpdir.js
2021-03-25 15:43:26,884 INFO 711948 [egg-schedule]: register schedule /graphql-demo/apps/gateway/node_modules/egg-logrotator/app/schedule/clean_log.js
2021-03-25 15:43:26,884 INFO 711948 [egg-schedule]: register schedule /graphql-demo/apps/gateway/node_modules/egg-logrotator/app/schedule/rotate_by_file.js
2021-03-25 15:46:31,508 INFO 712024 [egg-schedule]: register schedule /graphql-demo/apps/gateway/node_modules/egg-multipart/app/schedule/clean_tmpdir.js
2021-03-25 15:46:31,508 INFO 712024 [egg-schedule]: register schedule /graphql-demo/apps/gateway/node_modules/egg-logrotator/app/schedule/clean_log.js
2021-03-25 15:46:31,508 INFO 712024 [egg-schedule]: register schedule /graphql-demo/apps/gateway/node_modules/egg-logrotator/app/schedule/rotate_by_file.js
2021-03-25 15:52:39,797 INFO 713022 [egg-schedule]: register schedule /graphql-demo/apps/gateway/node_modules/egg-multipart/app/schedule/clean_tmpdir.js
2021-03-25 15:52:39,797 INFO 713022 [egg-schedule]: register schedule /graphql-demo/apps/gateway/node_modules/egg-logrotator/app/schedule/clean_log.js
2021-03-25 15:52:39,797 INFO 713022 [egg-schedule]: register schedule /graphql-demo/apps/gateway/node_modules/egg-logrotator/app/schedule/rotate_by_file.js
2021-03-25 15:54:09,950 INFO 713377 [egg-schedule]: register schedule /graphql-demo/apps/gateway/node_modules/egg-multipart/app/schedule/clean_tmpdir.js
2021-03-25 15:54:09,950 INFO 713377 [egg-schedule]: register schedule /graphql-demo/apps/gateway/node_modules/egg-logrotator/app/schedule/clean_log.js
2021-03-25 15:54:09,950 INFO 713377 [egg-schedule]: register schedule /graphql-demo/apps/gateway/node_modules/egg-logrotator/app/schedule/rotate_by_file.js
2021-03-25 16:08:12,548 INFO 715174 [egg-schedule]: register schedule /graphql-demo/apps/gateway/node_modules/egg-multipart/app/schedule/clean_tmpdir.js
2021-03-25 16:08:12,548 INFO 715174 [egg-schedule]: register schedule /graphql-demo/apps/gateway/node_modules/egg-logrotator/app/schedule/clean_log.js
2021-03-25 16:08:12,548 INFO 715174 [egg-schedule]: register schedule /graphql-demo/apps/gateway/node_modules/egg-logrotator/app/schedule/rotate_by_file.js
2021-03-25 16:08:17,787 INFO 715163 [Timer] /graphql-demo/apps/gateway/node_modules/egg-multipart/app/schedule/clean_tmpdir.js next time will execute after 44502216ms at 2021-03-26 04:30:00.003
2021-03-25 16:08:17,788 INFO 715163 [Timer] /graphql-demo/apps/gateway/node_modules/egg-logrotator/app/schedule/clean_log.js next time will execute after 28302213ms at 2021-03-26 00:00:00.001
2021-03-25 16:08:17,788 INFO 715163 [Timer] /graphql-demo/apps/gateway/node_modules/egg-logrotator/app/schedule/rotate_by_file.js next time will execute after 28303212ms at 2021-03-26 00:00:01.000
2021-03-25 16:09:34,533 INFO 715263 [egg-schedule]: register schedule /graphql-demo/apps/gateway/node_modules/egg-multipart/app/schedule/clean_tmpdir.js
2021-03-25 16:09:34,533 INFO 715263 [egg-schedule]: register schedule /graphql-demo/apps/gateway/node_modules/egg-logrotator/app/schedule/clean_log.js
2021-03-25 16:09:34,533 INFO 715263 [egg-schedule]: register schedule /graphql-demo/apps/gateway/node_modules/egg-logrotator/app/schedule/rotate_by_file.js
2021-03-25 16:15:01,285 INFO 715440 [egg-schedule]: register schedule /graphql-demo/apps/gateway/node_modules/egg-multipart/app/schedule/clean_tmpdir.js
2021-03-25 16:15:01,285 INFO 715440 [egg-schedule]: register schedule /graphql-demo/apps/gateway/node_modules/egg-logrotator/app/schedule/clean_log.js
2021-03-25 16:15:01,285 INFO 715440 [egg-schedule]: register schedule /graphql-demo/apps/gateway/node_modules/egg-logrotator/app/schedule/rotate_by_file.js
2021-03-25 16:16:49,894 INFO 715536 [egg-schedule]: register schedule /graphql-demo/apps/gateway/node_modules/egg-multipart/app/schedule/clean_tmpdir.js
2021-03-25 16:16:49,894 INFO 715536 [egg-schedule]: register schedule /graphql-demo/apps/gateway/node_modules/egg-logrotator/app/schedule/clean_log.js
2021-03-25 16:16:49,894 INFO 715536 [egg-schedule]: register schedule /graphql-demo/apps/gateway/node_modules/egg-logrotator/app/schedule/rotate_by_file.js
2021-03-25 16:16:56,732 INFO 715598 [egg-schedule]: register schedule /graphql-demo/apps/gateway/node_modules/egg-multipart/app/schedule/clean_tmpdir.js
2021-03-25 16:16:56,732 INFO 715598 [egg-schedule]: register schedule /graphql-demo/apps/gateway/node_modules/egg-logrotator/app/schedule/clean_log.js
2021-03-25 16:16:56,732 INFO 715598 [egg-schedule]: register schedule /graphql-demo/apps/gateway/node_modules/egg-logrotator/app/schedule/rotate_by_file.js
2021-03-25 16:17:38,087 INFO 715824 [egg-schedule]: register schedule /graphql-demo/apps/gateway/node_modules/egg-multipart/app/schedule/clean_tmpdir.js
2021-03-25 16:17:38,088 INFO 715824 [egg-schedule]: register schedule /graphql-demo/apps/gateway/node_modules/egg-logrotator/app/schedule/clean_log.js
2021-03-25 16:17:38,088 INFO 715824 [egg-schedule]: register schedule /graphql-demo/apps/gateway/node_modules/egg-logrotator/app/schedule/rotate_by_file.js
2021-03-25 16:17:55,956 INFO 716005 [egg-schedule]: register schedule /graphql-demo/apps/gateway/node_modules/egg-multipart/app/schedule/clean_tmpdir.js
2021-03-25 16:17:55,957 INFO 716005 [egg-schedule]: register schedule /graphql-demo/apps/gateway/node_modules/egg-logrotator/app/schedule/clean_log.js
2021-03-25 16:17:55,957 INFO 716005 [egg-schedule]: register schedule /graphql-demo/apps/gateway/node_modules/egg-logrotator/app/schedule/rotate_by_file.js
2021-03-25 16:17:56,406 INFO 715983 [Timer] /graphql-demo/apps/gateway/node_modules/egg-multipart/app/schedule/clean_tmpdir.js next time will execute after 43923598ms at 2021-03-26 04:30:00.004
2021-03-25 16:17:56,407 INFO 715983 [Timer] /graphql-demo/apps/gateway/node_modules/egg-logrotator/app/schedule/clean_log.js next time will execute after 27723594ms at 2021-03-26 00:00:00.001
2021-03-25 16:17:56,407 INFO 715983 [Timer] /graphql-demo/apps/gateway/node_modules/egg-logrotator/app/schedule/rotate_by_file.js next time will execute after 27724593ms at 2021-03-26 00:00:01.000
2021-03-26 06:31:56,443 INFO 739288 [Timer] /graphql-demo/apps/gateway/node_modules/egg-multipart/app/schedule/clean_tmpdir.js next time will execute after 79083561ms at 2021-03-27 04:30:00.004
2021-03-26 06:31:56,443 INFO 739288 [Timer] /graphql-demo/apps/gateway/node_modules/egg-logrotator/app/schedule/clean_log.js next time will execute after 62883557ms at 2021-03-27 00:00:00.000
2021-03-26 06:31:56,444 INFO 739288 [Timer] /graphql-demo/apps/gateway/node_modules/egg-logrotator/app/schedule/rotate_by_file.js next time will execute after 62884557ms at 2021-03-27 00:00:01.001
2021-03-26 06:31:55,981 INFO 739299 [egg-schedule]: register schedule /graphql-demo/apps/gateway/node_modules/egg-multipart/app/schedule/clean_tmpdir.js
2021-03-26 06:31:55,981 INFO 739299 [egg-schedule]: register schedule /graphql-demo/apps/gateway/node_modules/egg-logrotator/app/schedule/clean_log.js
2021-03-26 06:31:55,981 INFO 739299 [egg-schedule]: register schedule /graphql-demo/apps/gateway/node_modules/egg-logrotator/app/schedule/rotate_by_file.js
2021-03-26 07:41:45,470 INFO 744644 [egg-schedule]: register schedule /graphql-demo/apps/gateway/node_modules/egg-multipart/app/schedule/clean_tmpdir.js
2021-03-26 07:41:45,470 INFO 744644 [egg-schedule]: register schedule /graphql-demo/apps/gateway/node_modules/egg-logrotator/app/schedule/clean_log.js
2021-03-26 07:41:45,470 INFO 744644 [egg-schedule]: register schedule /graphql-demo/apps/gateway/node_modules/egg-logrotator/app/schedule/rotate_by_file.js
2021-03-26 07:41:50,662 INFO 744633 [Timer] /graphql-demo/apps/gateway/node_modules/egg-multipart/app/schedule/clean_tmpdir.js next time will execute after 74889341ms at 2021-03-27 04:30:00.003
2021-03-26 07:41:50,662 INFO 744633 [Timer] /graphql-demo/apps/gateway/node_modules/egg-logrotator/app/schedule/clean_log.js next time will execute after 58689338ms at 2021-03-27 00:00:00.000
2021-03-26 07:41:50,663 INFO 744633 [Timer] /graphql-demo/apps/gateway/node_modules/egg-logrotator/app/schedule/rotate_by_file.js next time will execute after 58690338ms at 2021-03-27 00:00:01.001
2021-03-26 08:19:17,218 INFO 744873 [egg-schedule]: register schedule /graphql-demo/apps/gateway/node_modules/egg-multipart/app/schedule/clean_tmpdir.js
2021-03-26 08:19:17,218 INFO 744873 [egg-schedule]: register schedule /graphql-demo/apps/gateway/node_modules/egg-logrotator/app/schedule/clean_log.js
2021-03-26 08:19:17,218 INFO 744873 [egg-schedule]: register schedule /graphql-demo/apps/gateway/node_modules/egg-logrotator/app/schedule/rotate_by_file.js
2021-03-26 08:19:42,672 INFO 744918 [egg-schedule]: register schedule /graphql-demo/apps/gateway/node_modules/egg-multipart/app/schedule/clean_tmpdir.js
2021-03-26 08:19:42,672 INFO 744918 [egg-schedule]: register schedule /graphql-demo/apps/gateway/node_modules/egg-logrotator/app/schedule/clean_log.js
2021-03-26 08:19:42,672 INFO 744918 [egg-schedule]: register schedule /graphql-demo/apps/gateway/node_modules/egg-logrotator/app/schedule/rotate_by_file.js
2021-03-26 08:19:53,330 INFO 744949 [egg-schedule]: register schedule /graphql-demo/apps/gateway/node_modules/egg-multipart/app/schedule/clean_tmpdir.js
2021-03-26 08:19:53,330 INFO 744949 [egg-schedule]: register schedule /graphql-demo/apps/gateway/node_modules/egg-logrotator/app/schedule/clean_log.js
2021-03-26 08:19:53,330 INFO 744949 [egg-schedule]: register schedule /graphql-demo/apps/gateway/node_modules/egg-logrotator/app/schedule/rotate_by_file.js
2021-03-26 08:31:09,305 INFO 745748 [egg-schedule]: register schedule /graphql-demo/apps/gateway/node_modules/egg-multipart/app/schedule/clean_tmpdir.js
2021-03-26 08:31:09,305 INFO 745748 [egg-schedule]: register schedule /graphql-demo/apps/gateway/node_modules/egg-logrotator/app/schedule/clean_log.js
2021-03-26 08:31:09,305 INFO 745748 [egg-schedule]: register schedule /graphql-demo/apps/gateway/node_modules/egg-logrotator/app/schedule/rotate_by_file.js
2021-03-26 08:31:11,385 INFO 745819 [egg-schedule]: register schedule /graphql-demo/apps/gateway/node_modules/egg-multipart/app/schedule/clean_tmpdir.js
2021-03-26 08:31:11,385 INFO 745819 [egg-schedule]: register schedule /graphql-demo/apps/gateway/node_modules/egg-logrotator/app/schedule/clean_log.js
2021-03-26 08:31:11,385 INFO 745819 [egg-schedule]: register schedule /graphql-demo/apps/gateway/node_modules/egg-logrotator/app/schedule/rotate_by_file.js
2021-03-26 08:37:57,232 INFO 745918 [egg-schedule]: register schedule /graphql-demo/apps/gateway/node_modules/egg-multipart/app/schedule/clean_tmpdir.js
2021-03-26 08:37:57,232 INFO 745918 [egg-schedule]: register schedule /graphql-demo/apps/gateway/node_modules/egg-logrotator/app/schedule/clean_log.js
2021-03-26 08:37:57,232 INFO 745918 [egg-schedule]: register schedule /graphql-demo/apps/gateway/node_modules/egg-logrotator/app/schedule/rotate_by_file.js
2021-03-26 08:37:59,507 INFO 746014 [egg-schedule]: register schedule /graphql-demo/apps/gateway/node_modules/egg-multipart/app/schedule/clean_tmpdir.js
2021-03-26 08:37:59,507 INFO 746014 [egg-schedule]: register schedule /graphql-demo/apps/gateway/node_modules/egg-logrotator/app/schedule/clean_log.js
2021-03-26 08:37:59,507 INFO 746014 [egg-schedule]: register schedule /graphql-demo/apps/gateway/node_modules/egg-logrotator/app/schedule/rotate_by_file.js
2021-03-26 08:38:41,352 INFO 746460 [Timer] /graphql-demo/apps/gateway/node_modules/egg-multipart/app/schedule/clean_tmpdir.js next time will execute after 71478652ms at 2021-03-27 04:30:00.004
2021-03-26 08:38:41,352 INFO 746460 [Timer] /graphql-demo/apps/gateway/node_modules/egg-logrotator/app/schedule/clean_log.js next time will execute after 55278648ms at 2021-03-27 00:00:00.000
2021-03-26 08:38:41,353 INFO 746460 [Timer] /graphql-demo/apps/gateway/node_modules/egg-logrotator/app/schedule/rotate_by_file.js next time will execute after 55279648ms at 2021-03-27 00:00:01.001
2021-03-26 08:38:41,165 INFO 746471 [egg-schedule]: register schedule /graphql-demo/apps/gateway/node_modules/egg-multipart/app/schedule/clean_tmpdir.js
2021-03-26 08:38:41,165 INFO 746471 [egg-schedule]: register schedule /graphql-demo/apps/gateway/node_modules/egg-logrotator/app/schedule/clean_log.js
2021-03-26 08:38:41,165 INFO 746471 [egg-schedule]: register schedule /graphql-demo/apps/gateway/node_modules/egg-logrotator/app/schedule/rotate_by_file.js
2021-03-26 08:43:54,014 INFO 746815 [Timer] /graphql-demo/apps/gateway/node_modules/egg-multipart/app/schedule/clean_tmpdir.js next time will execute after 71165989ms at 2021-03-27 04:30:00.003
2021-03-26 08:43:54,014 INFO 746815 [Timer] /graphql-demo/apps/gateway/node_modules/egg-logrotator/app/schedule/clean_log.js next time will execute after 54965986ms at 2021-03-27 00:00:00.000
2021-03-26 08:43:54,015 INFO 746815 [Timer] /graphql-demo/apps/gateway/node_modules/egg-logrotator/app/schedule/rotate_by_file.js next time will execute after 54966986ms at 2021-03-27 00:00:01.001
2021-03-26 08:43:53,799 INFO 746826 [egg-schedule]: register schedule /graphql-demo/apps/gateway/node_modules/egg-multipart/app/schedule/clean_tmpdir.js
2021-03-26 08:43:53,799 INFO 746826 [egg-schedule]: register schedule /graphql-demo/apps/gateway/node_modules/egg-logrotator/app/schedule/clean_log.js
2021-03-26 08:43:53,799 INFO 746826 [egg-schedule]: register schedule /graphql-demo/apps/gateway/node_modules/egg-logrotator/app/schedule/rotate_by_file.js
2021-03-26 08:45:10,889 INFO 747021 [Timer] /graphql-demo/apps/gateway/node_modules/egg-multipart/app/schedule/clean_tmpdir.js next time will execute after 71089116ms at 2021-03-27 04:30:00.005
2021-03-26 08:45:10,889 INFO 747021 [Timer] /graphql-demo/apps/gateway/node_modules/egg-logrotator/app/schedule/clean_log.js next time will execute after 54889111ms at 2021-03-27 00:00:00.000
2021-03-26 08:45:10,890 INFO 747021 [Timer] /graphql-demo/apps/gateway/node_modules/egg-logrotator/app/schedule/rotate_by_file.js next time will execute after 54890111ms at 2021-03-27 00:00:01.001
2021-03-26 08:45:10,670 INFO 747037 [egg-schedule]: register schedule /graphql-demo/apps/gateway/node_modules/egg-multipart/app/schedule/clean_tmpdir.js
2021-03-26 08:45:10,670 INFO 747037 [egg-schedule]: register schedule /graphql-demo/apps/gateway/node_modules/egg-logrotator/app/schedule/clean_log.js
2021-03-26 08:45:10,670 INFO 747037 [egg-schedule]: register schedule /graphql-demo/apps/gateway/node_modules/egg-logrotator/app/schedule/rotate_by_file.js
2021-03-26 08:47:24,570 INFO 747154 [egg-schedule]: register schedule /graphql-demo/apps/gateway/node_modules/egg-multipart/app/schedule/clean_tmpdir.js
2021-03-26 08:47:24,570 INFO 747154 [egg-schedule]: register schedule /graphql-demo/apps/gateway/node_modules/egg-logrotator/app/schedule/clean_log.js
2021-03-26 08:47:24,570 INFO 747154 [egg-schedule]: register schedule /graphql-demo/apps/gateway/node_modules/egg-logrotator/app/schedule/rotate_by_file.js
2021-03-26 08:54:08,826 INFO 747397 [egg-schedule]: register schedule /graphql-demo/apps/gateway/node_modules/egg-multipart/app/schedule/clean_tmpdir.js
2021-03-26 08:54:08,826 INFO 747397 [egg-schedule]: register schedule /graphql-demo/apps/gateway/node_modules/egg-logrotator/app/schedule/clean_log.js
2021-03-26 08:54:08,826 INFO 747397 [egg-schedule]: register schedule /graphql-demo/apps/gateway/node_modules/egg-logrotator/app/schedule/rotate_by_file.js
2021-03-26 08:56:43,377 INFO 747879 [egg-schedule]: register schedule /graphql-demo/apps/gateway/node_modules/egg-multipart/app/schedule/clean_tmpdir.js
2021-03-26 08:56:43,377 INFO 747879 [egg-schedule]: register schedule /graphql-demo/apps/gateway/node_modules/egg-logrotator/app/schedule/clean_log.js
2021-03-26 08:56:43,377 INFO 747879 [egg-schedule]: register schedule /graphql-demo/apps/gateway/node_modules/egg-logrotator/app/schedule/rotate_by_file.js
2021-03-26 08:56:57,896 INFO 748000 [egg-schedule]: register schedule /graphql-demo/apps/gateway/node_modules/egg-multipart/app/schedule/clean_tmpdir.js
2021-03-26 08:56:57,896 INFO 748000 [egg-schedule]: register schedule /graphql-demo/apps/gateway/node_modules/egg-logrotator/app/schedule/clean_log.js
2021-03-26 08:56:57,896 INFO 748000 [egg-schedule]: register schedule /graphql-demo/apps/gateway/node_modules/egg-logrotator/app/schedule/rotate_by_file.js
2021-03-26 08:57:03,703 INFO 748057 [egg-schedule]: register schedule /graphql-demo/apps/gateway/node_modules/egg-multipart/app/schedule/clean_tmpdir.js
2021-03-26 08:57:03,703 INFO 748057 [egg-schedule]: register schedule /graphql-demo/apps/gateway/node_modules/egg-logrotator/app/schedule/clean_log.js
2021-03-26 08:57:03,704 INFO 748057 [egg-schedule]: register schedule /graphql-demo/apps/gateway/node_modules/egg-logrotator/app/schedule/rotate_by_file.js
2021-03-26 08:59:34,656 INFO 748130 [egg-schedule]: register schedule /graphql-demo/apps/gateway/node_modules/egg-multipart/app/schedule/clean_tmpdir.js
2021-03-26 08:59:34,656 INFO 748130 [egg-schedule]: register schedule /graphql-demo/apps/gateway/node_modules/egg-logrotator/app/schedule/clean_log.js
2021-03-26 08:59:34,656 INFO 748130 [egg-schedule]: register schedule /graphql-demo/apps/gateway/node_modules/egg-logrotator/app/schedule/rotate_by_file.js
2021-03-26 15:22:19,628 INFO 754816 [Timer] /graphql-demo/apps/gateway/node_modules/egg-multipart/app/schedule/clean_tmpdir.js next time will execute after 47260377ms at 2021-03-27 04:30:00.005
2021-03-26 15:22:19,628 INFO 754816 [Timer] /graphql-demo/apps/gateway/node_modules/egg-logrotator/app/schedule/clean_log.js next time will execute after 31060372ms at 2021-03-27 00:00:00.000
2021-03-26 15:22:19,629 INFO 754816 [Timer] /graphql-demo/apps/gateway/node_modules/egg-logrotator/app/schedule/rotate_by_file.js next time will execute after 31061372ms at 2021-03-27 00:00:01.001
2021-03-26 15:22:19,294 INFO 754827 [egg-schedule]: register schedule /graphql-demo/apps/gateway/node_modules/egg-multipart/app/schedule/clean_tmpdir.js
2021-03-26 15:22:19,294 INFO 754827 [egg-schedule]: register schedule /graphql-demo/apps/gateway/node_modules/egg-logrotator/app/schedule/clean_log.js
2021-03-26 15:22:19,294 INFO 754827 [egg-schedule]: register schedule /graphql-demo/apps/gateway/node_modules/egg-logrotator/app/schedule/rotate_by_file.js
2021-03-26 15:29:10,364 INFO 755076 [Timer] /graphql-demo/apps/gateway/node_modules/egg-multipart/app/schedule/clean_tmpdir.js next time will execute after 46849640ms at 2021-03-27 04:30:00.004
2021-03-26 15:29:10,365 INFO 755076 [Timer] /graphql-demo/apps/gateway/node_modules/egg-logrotator/app/schedule/clean_log.js next time will execute after 30649636ms at 2021-03-27 00:00:00.001
2021-03-26 15:29:10,365 INFO 755076 [Timer] /graphql-demo/apps/gateway/node_modules/egg-logrotator/app/schedule/rotate_by_file.js next time will execute after 30650635ms at 2021-03-27 00:00:01.000
2021-03-26 15:29:10,190 INFO 755087 [egg-schedule]: register schedule /graphql-demo/apps/gateway/node_modules/egg-multipart/app/schedule/clean_tmpdir.js
2021-03-26 15:29:10,190 INFO 755087 [egg-schedule]: register schedule /graphql-demo/apps/gateway/node_modules/egg-logrotator/app/schedule/clean_log.js
2021-03-26 15:29:10,190 INFO 755087 [egg-schedule]: register schedule /graphql-demo/apps/gateway/node_modules/egg-logrotator/app/schedule/rotate_by_file.js
2021-03-26 15:30:12,396 INFO 755235 [Timer] /graphql-demo/apps/gateway/node_modules/egg-multipart/app/schedule/clean_tmpdir.js next time will execute after 46787608ms at 2021-03-27 04:30:00.004
2021-03-26 15:30:12,396 INFO 755235 [Timer] /graphql-demo/apps/gateway/node_modules/egg-logrotator/app/schedule/clean_log.js next time will execute after 30587604ms at 2021-03-27 00:00:00.000
2021-03-26 15:30:12,397 INFO 755235 [Timer] /graphql-demo/apps/gateway/node_modules/egg-logrotator/app/schedule/rotate_by_file.js next time will execute after 30588604ms at 2021-03-27 00:00:01.001
2021-03-26 15:30:12,234 INFO 755246 [egg-schedule]: register schedule /graphql-demo/apps/gateway/node_modules/egg-multipart/app/schedule/clean_tmpdir.js
2021-03-26 15:30:12,234 INFO 755246 [egg-schedule]: register schedule /graphql-demo/apps/gateway/node_modules/egg-logrotator/app/schedule/clean_log.js
2021-03-26 15:30:12,234 INFO 755246 [egg-schedule]: register schedule /graphql-demo/apps/gateway/node_modules/egg-logrotator/app/schedule/rotate_by_file.js
2021-03-26 15:31:00,204 INFO 755378 [Timer] /graphql-demo/apps/gateway/node_modules/egg-multipart/app/schedule/clean_tmpdir.js next time will execute after 46739800ms at 2021-03-27 04:30:00.004
2021-03-26 15:31:00,205 INFO 755378 [Timer] /graphql-demo/apps/gateway/node_modules/egg-logrotator/app/schedule/clean_log.js next time will execute after 30539796ms at 2021-03-27 00:00:00.001
2021-03-26 15:31:00,205 INFO 755378 [Timer] /graphql-demo/apps/gateway/node_modules/egg-logrotator/app/schedule/rotate_by_file.js next time will execute after 30540795ms at 2021-03-27 00:00:01.000
2021-03-26 15:31:00,049 INFO 755389 [egg-schedule]: register schedule /graphql-demo/apps/gateway/node_modules/egg-multipart/app/schedule/clean_tmpdir.js
2021-03-26 15:31:00,049 INFO 755389 [egg-schedule]: register schedule /graphql-demo/apps/gateway/node_modules/egg-logrotator/app/schedule/clean_log.js
2021-03-26 15:31:00,049 INFO 755389 [egg-schedule]: register schedule /graphql-demo/apps/gateway/node_modules/egg-logrotator/app/schedule/rotate_by_file.js
2021-03-26 15:33:47,975 INFO 755652 [Timer] /graphql-demo/apps/gateway/node_modules/egg-multipart/app/schedule/clean_tmpdir.js next time will execute after 46572032ms at 2021-03-27 04:30:00.007
2021-03-26 15:33:47,976 INFO 755652 [Timer] /graphql-demo/apps/gateway/node_modules/egg-logrotator/app/schedule/clean_log.js next time will execute after 30372025ms at 2021-03-27 00:00:00.001
2021-03-26 15:33:47,986 INFO 755652 [Timer] /graphql-demo/apps/gateway/node_modules/egg-logrotator/app/schedule/rotate_by_file.js next time will execute after 30373017ms at 2021-03-27 00:00:01.003
2021-03-26 15:33:47,797 INFO 755663 [egg-schedule]: register schedule /graphql-demo/apps/gateway/node_modules/egg-multipart/app/schedule/clean_tmpdir.js
2021-03-26 15:33:47,797 INFO 755663 [egg-schedule]: register schedule /graphql-demo/apps/gateway/node_modules/egg-logrotator/app/schedule/clean_log.js
2021-03-26 15:33:47,797 INFO 755663 [egg-schedule]: register schedule /graphql-demo/apps/gateway/node_modules/egg-logrotator/app/schedule/rotate_by_file.js
2021-03-26 15:34:56,764 INFO 756108 [egg-schedule]: register schedule /graphql-demo/apps/gateway/node_modules/egg-multipart/app/schedule/clean_tmpdir.js
2021-03-26 15:34:56,764 INFO 756108 [egg-schedule]: register schedule /graphql-demo/apps/gateway/node_modules/egg-logrotator/app/schedule/clean_log.js
2021-03-26 15:34:56,764 INFO 756108 [egg-schedule]: register schedule /graphql-demo/apps/gateway/node_modules/egg-logrotator/app/schedule/rotate_by_file.js
2021-03-26 15:35:00,506 INFO 756097 [Timer] /graphql-demo/apps/gateway/node_modules/egg-multipart/app/schedule/clean_tmpdir.js next time will execute after 46499501ms at 2021-03-27 04:30:00.007
2021-03-26 15:35:00,507 INFO 756097 [Timer] /graphql-demo/apps/gateway/node_modules/egg-logrotator/app/schedule/clean_log.js next time will execute after 30299494ms at 2021-03-27 00:00:00.001
2021-03-26 15:35:00,507 INFO 756097 [Timer] /graphql-demo/apps/gateway/node_modules/egg-logrotator/app/schedule/rotate_by_file.js next time will execute after 30300493ms at 2021-03-27 00:00:01.000
2021-03-26 15:39:10,184 INFO 756718 [egg-schedule]: register schedule /graphql-demo/apps/gateway/node_modules/egg-multipart/app/schedule/clean_tmpdir.js
2021-03-26 15:39:10,184 INFO 756718 [egg-schedule]: register schedule /graphql-demo/apps/gateway/node_modules/egg-logrotator/app/schedule/clean_log.js
2021-03-26 15:39:10,184 INFO 756718 [egg-schedule]: register schedule /graphql-demo/apps/gateway/node_modules/egg-logrotator/app/schedule/rotate_by_file.js
2021-03-26 15:39:10,344 INFO 756707 [Timer] /graphql-demo/apps/gateway/node_modules/egg-multipart/app/schedule/clean_tmpdir.js next time will execute after 46249659ms at 2021-03-27 04:30:00.003
2021-03-26 15:39:10,344 INFO 756707 [Timer] /graphql-demo/apps/gateway/node_modules/egg-logrotator/app/schedule/clean_log.js next time will execute after 30049656ms at 2021-03-27 00:00:00.000
2021-03-26 15:39:10,345 INFO 756707 [Timer] /graphql-demo/apps/gateway/node_modules/egg-logrotator/app/schedule/rotate_by_file.js next time will execute after 30050656ms at 2021-03-27 00:00:01.001
2021-03-26 15:48:40,720 INFO 757068 [egg-schedule]: register schedule /graphql-demo/apps/gateway/node_modules/egg-multipart/app/schedule/clean_tmpdir.js
2021-03-26 15:48:40,720 INFO 757068 [egg-schedule]: register schedule /graphql-demo/apps/gateway/node_modules/egg-logrotator/app/schedule/clean_log.js
2021-03-26 15:48:40,720 INFO 757068 [egg-schedule]: register schedule /graphql-demo/apps/gateway/node_modules/egg-logrotator/app/schedule/rotate_by_file.js
2021-03-26 15:57:49,098 INFO 757429 [egg-schedule]: register schedule /graphql-demo/apps/gateway/node_modules/egg-multipart/app/schedule/clean_tmpdir.js
2021-03-26 15:57:49,099 INFO 757429 [egg-schedule]: register schedule /graphql-demo/apps/gateway/node_modules/egg-logrotator/app/schedule/clean_log.js
2021-03-26 15:57:49,099 INFO 757429 [egg-schedule]: register schedule /graphql-demo/apps/gateway/node_modules/egg-logrotator/app/schedule/rotate_by_file.js
2021-03-26 15:58:35,348 INFO 757549 [egg-schedule]: register schedule /graphql-demo/apps/gateway/node_modules/egg-multipart/app/schedule/clean_tmpdir.js
2021-03-26 15:58:35,348 INFO 757549 [egg-schedule]: register schedule /graphql-demo/apps/gateway/node_modules/egg-logrotator/app/schedule/clean_log.js
2021-03-26 15:58:35,348 INFO 757549 [egg-schedule]: register schedule /graphql-demo/apps/gateway/node_modules/egg-logrotator/app/schedule/rotate_by_file.js
2021-03-27 04:34:24,516 INFO 763423 [Timer] /graphql-demo/apps/gateway/node_modules/egg-multipart/app/schedule/clean_tmpdir.js next time will execute after 86135489ms at 2021-03-28 04:30:00.005
2021-03-27 04:34:24,517 INFO 763423 [Timer] /graphql-demo/apps/gateway/node_modules/egg-logrotator/app/schedule/clean_log.js next time will execute after 69935483ms at 2021-03-28 00:00:00.000
2021-03-27 04:34:24,518 INFO 763423 [Timer] /graphql-demo/apps/gateway/node_modules/egg-logrotator/app/schedule/rotate_by_file.js next time will execute after 69936483ms at 2021-03-28 00:00:01.001
2021-03-27 04:34:24,127 INFO 763441 [egg-schedule]: register schedule /graphql-demo/apps/gateway/node_modules/egg-multipart/app/schedule/clean_tmpdir.js
2021-03-27 04:34:24,127 INFO 763441 [egg-schedule]: register schedule /graphql-demo/apps/gateway/node_modules/egg-logrotator/app/schedule/clean_log.js
2021-03-27 04:34:24,127 INFO 763441 [egg-schedule]: register schedule /graphql-demo/apps/gateway/node_modules/egg-logrotator/app/schedule/rotate_by_file.js
2021-03-27 04:37:35,749 INFO 763941 [egg-schedule]: register schedule /graphql-demo/apps/gateway/node_modules/egg-multipart/app/schedule/clean_tmpdir.js
2021-03-27 04:37:35,749 INFO 763941 [egg-schedule]: register schedule /graphql-demo/apps/gateway/node_modules/egg-logrotator/app/schedule/clean_log.js
2021-03-27 04:37:35,749 INFO 763941 [egg-schedule]: register schedule /graphql-demo/apps/gateway/node_modules/egg-logrotator/app/schedule/rotate_by_file.js
2021-03-27 04:37:36,787 INFO 763923 [Timer] /graphql-demo/apps/gateway/node_modules/egg-multipart/app/schedule/clean_tmpdir.js next time will execute after 85943233ms at 2021-03-28 04:30:00.020
2021-03-27 04:37:36,788 INFO 763923 [Timer] /graphql-demo/apps/gateway/node_modules/egg-logrotator/app/schedule/clean_log.js next time will execute after 69743213ms at 2021-03-28 00:00:00.001
2021-03-27 04:37:36,789 INFO 763923 [Timer] /graphql-demo/apps/gateway/node_modules/egg-logrotator/app/schedule/rotate_by_file.js next time will execute after 69744212ms at 2021-03-28 00:00:01.001
2021-03-27 05:03:38,740 INFO 764292 [egg-schedule]: register schedule /graphql-demo/apps/gateway/node_modules/egg-multipart/app/schedule/clean_tmpdir.js
2021-03-27 05:03:38,740 INFO 764292 [egg-schedule]: register schedule /graphql-demo/apps/gateway/node_modules/egg-logrotator/app/schedule/clean_log.js
2021-03-27 05:03:38,740 INFO 764292 [egg-schedule]: register schedule /graphql-demo/apps/gateway/node_modules/egg-logrotator/app/schedule/rotate_by_file.js
2021-03-27 08:28:03,370 INFO 778604 [egg-schedule]: register schedule /graphql-demo/apps/gateway/node_modules/egg-multipart/app/schedule/clean_tmpdir.js
2021-03-27 08:28:03,370 INFO 778604 [egg-schedule]: register schedule /graphql-demo/apps/gateway/node_modules/egg-logrotator/app/schedule/clean_log.js
2021-03-27 08:28:03,370 INFO 778604 [egg-schedule]: register schedule /graphql-demo/apps/gateway/node_modules/egg-logrotator/app/schedule/rotate_by_file.js
2021-03-27 08:28:03,871 INFO 778592 [Timer] /graphql-demo/apps/gateway/node_modules/egg-multipart/app/schedule/clean_tmpdir.js next time will execute after 72116133ms at 2021-03-28 04:30:00.004
2021-03-27 08:28:03,872 INFO 778592 [Timer] /graphql-demo/apps/gateway/node_modules/egg-logrotator/app/schedule/clean_log.js next time will execute after 55916129ms at 2021-03-28 00:00:00.001
2021-03-27 08:28:03,873 INFO 778592 [Timer] /graphql-demo/apps/gateway/node_modules/egg-logrotator/app/schedule/rotate_by_file.js next time will execute after 55917128ms at 2021-03-28 00:00:01.001
2021-03-27 08:30:41,122 INFO 778757 [egg-schedule]: register schedule /graphql-demo/apps/gateway/node_modules/egg-multipart/app/schedule/clean_tmpdir.js
2021-03-27 08:30:41,122 INFO 778757 [egg-schedule]: register schedule /graphql-demo/apps/gateway/node_modules/egg-logrotator/app/schedule/clean_log.js
2021-03-27 08:30:41,122 INFO 778757 [egg-schedule]: register schedule /graphql-demo/apps/gateway/node_modules/egg-logrotator/app/schedule/rotate_by_file.js
2021-03-27 08:31:09,541 INFO 779071 [Timer] /graphql-demo/apps/gateway/node_modules/egg-multipart/app/schedule/clean_tmpdir.js next time will execute after 71930469ms at 2021-03-28 04:30:00.010
2021-03-27 08:31:09,541 INFO 779071 [Timer] /graphql-demo/apps/gateway/node_modules/egg-logrotator/app/schedule/clean_log.js next time will execute after 55730459ms at 2021-03-28 00:00:00.000
2021-03-27 08:31:09,542 INFO 779071 [Timer] /graphql-demo/apps/gateway/node_modules/egg-logrotator/app/schedule/rotate_by_file.js next time will execute after 55731459ms at 2021-03-28 00:00:01.001
2021-03-27 08:31:08,834 INFO 779089 [egg-schedule]: register schedule /graphql-demo/apps/gateway/node_modules/egg-multipart/app/schedule/clean_tmpdir.js
2021-03-27 08:31:08,834 INFO 779089 [egg-schedule]: register schedule /graphql-demo/apps/gateway/node_modules/egg-logrotator/app/schedule/clean_log.js
2021-03-27 08:31:08,834 INFO 779089 [egg-schedule]: register schedule /graphql-demo/apps/gateway/node_modules/egg-logrotator/app/schedule/rotate_by_file.js
2021-03-27 08:34:18,874 INFO 779553 [Timer] /graphql-demo/apps/gateway/node_modules/egg-multipart/app/schedule/clean_tmpdir.js next time will execute after 71741129ms at 2021-03-28 04:30:00.003
2021-03-27 08:34:18,875 INFO 779553 [Timer] /graphql-demo/apps/gateway/node_modules/egg-logrotator/app/schedule/clean_log.js next time will execute after 55541125ms at 2021-03-28 00:00:00.000
2021-03-27 08:34:18,876 INFO 779553 [Timer] /graphql-demo/apps/gateway/node_modules/egg-logrotator/app/schedule/rotate_by_file.js next time will execute after 55542125ms at 2021-03-28 00:00:01.001
2021-03-27 08:34:18,573 INFO 779569 [egg-schedule]: register schedule /graphql-demo/apps/gateway/node_modules/egg-multipart/app/schedule/clean_tmpdir.js
2021-03-27 08:34:18,573 INFO 779569 [egg-schedule]: register schedule /graphql-demo/apps/gateway/node_modules/egg-logrotator/app/schedule/clean_log.js
2021-03-27 08:34:18,573 INFO 779569 [egg-schedule]: register schedule /graphql-demo/apps/gateway/node_modules/egg-logrotator/app/schedule/rotate_by_file.js
2021-03-27 08:35:20,541 INFO 779881 [Timer] /graphql-demo/apps/gateway/node_modules/egg-multipart/app/schedule/clean_tmpdir.js next time will execute after 71679462ms at 2021-03-28 04:30:00.003
2021-03-27 08:35:20,542 INFO 779881 [Timer] /graphql-demo/apps/gateway/node_modules/egg-logrotator/app/schedule/clean_log.js next time will execute after 55479459ms at 2021-03-28 00:00:00.001
2021-03-27 08:35:20,542 INFO 779881 [Timer] /graphql-demo/apps/gateway/node_modules/egg-logrotator/app/schedule/rotate_by_file.js next time will execute after 55480458ms at 2021-03-28 00:00:01.000
2021-03-27 08:35:20,220 INFO 779905 [egg-schedule]: register schedule /graphql-demo/apps/gateway/node_modules/egg-multipart/app/schedule/clean_tmpdir.js
2021-03-27 08:35:20,220 INFO 779905 [egg-schedule]: register schedule /graphql-demo/apps/gateway/node_modules/egg-logrotator/app/schedule/clean_log.js
2021-03-27 08:35:20,220 INFO 779905 [egg-schedule]: register schedule /graphql-demo/apps/gateway/node_modules/egg-logrotator/app/schedule/rotate_by_file.js
2021-03-27 08:35:47,031 INFO 780091 [egg-schedule]: register schedule /graphql-demo/apps/gateway/node_modules/egg-multipart/app/schedule/clean_tmpdir.js
2021-03-27 08:35:47,031 INFO 780091 [egg-schedule]: register schedule /graphql-demo/apps/gateway/node_modules/egg-logrotator/app/schedule/clean_log.js
2021-03-27 08:35:47,031 INFO 780091 [egg-schedule]: register schedule /graphql-demo/apps/gateway/node_modules/egg-logrotator/app/schedule/rotate_by_file.js
2021-03-27 08:35:47,347 INFO 780073 [Timer] /graphql-demo/apps/gateway/node_modules/egg-multipart/app/schedule/clean_tmpdir.js next time will execute after 71652658ms at 2021-03-28 04:30:00.005
2021-03-27 08:35:47,347 INFO 780073 [Timer] /graphql-demo/apps/gateway/node_modules/egg-logrotator/app/schedule/clean_log.js next time will execute after 55452653ms at 2021-03-28 00:00:00.000
2021-03-27 08:35:47,348 INFO 780073 [Timer] /graphql-demo/apps/gateway/node_modules/egg-logrotator/app/schedule/rotate_by_file.js next time will execute after 55453653ms at 2021-03-28 00:00:01.001
2021-03-27 08:36:27,035 INFO 780329 [egg-schedule]: register schedule /graphql-demo/apps/gateway/node_modules/egg-multipart/app/schedule/clean_tmpdir.js
2021-03-27 08:36:27,035 INFO 780329 [egg-schedule]: register schedule /graphql-demo/apps/gateway/node_modules/egg-logrotator/app/schedule/clean_log.js
2021-03-27 08:36:27,035 INFO 780329 [egg-schedule]: register schedule /graphql-demo/apps/gateway/node_modules/egg-logrotator/app/schedule/rotate_by_file.js
2021-03-27 08:36:27,345 INFO 780305 [Timer] /graphql-demo/apps/gateway/node_modules/egg-multipart/app/schedule/clean_tmpdir.js next time will execute after 71612658ms at 2021-03-28 04:30:00.003
2021-03-27 08:36:27,346 INFO 780305 [Timer] /graphql-demo/apps/gateway/node_modules/egg-logrotator/app/schedule/clean_log.js next time will execute after 55412655ms at 2021-03-28 00:00:00.001
2021-03-27 08:36:27,347 INFO 780305 [Timer] /graphql-demo/apps/gateway/node_modules/egg-logrotator/app/schedule/rotate_by_file.js next time will execute after 55413654ms at 2021-03-28 00:00:01.001
2021-03-27 08:36:46,460 INFO 780527 [Timer] /graphql-demo/apps/gateway/node_modules/egg-multipart/app/schedule/clean_tmpdir.js next time will execute after 71593544ms at 2021-03-28 04:30:00.004
2021-03-27 08:36:46,461 INFO 780527 [Timer] /graphql-demo/apps/gateway/node_modules/egg-logrotator/app/schedule/clean_log.js next time will execute after 55393539ms at 2021-03-28 00:00:00.000
2021-03-27 08:36:46,462 INFO 780527 [Timer] /graphql-demo/apps/gateway/node_modules/egg-logrotator/app/schedule/rotate_by_file.js next time will execute after 55394539ms at 2021-03-28 00:00:01.001
2021-03-27 08:36:46,144 INFO 780553 [egg-schedule]: register schedule /graphql-demo/apps/gateway/node_modules/egg-multipart/app/schedule/clean_tmpdir.js
2021-03-27 08:36:46,144 INFO 780553 [egg-schedule]: register schedule /graphql-demo/apps/gateway/node_modules/egg-logrotator/app/schedule/clean_log.js
2021-03-27 08:36:46,144 INFO 780553 [egg-schedule]: register schedule /graphql-demo/apps/gateway/node_modules/egg-logrotator/app/schedule/rotate_by_file.js
2021-03-27 08:49:23,757 INFO 782461 [egg-schedule]: register schedule /graphql-demo/apps/gateway/node_modules/egg-multipart/app/schedule/clean_tmpdir.js
2021-03-27 08:49:23,757 INFO 782461 [egg-schedule]: register schedule /graphql-demo/apps/gateway/node_modules/egg-logrotator/app/schedule/clean_log.js
2021-03-27 08:49:23,757 INFO 782461 [egg-schedule]: register schedule /graphql-demo/apps/gateway/node_modules/egg-logrotator/app/schedule/rotate_by_file.js
2021-03-27 08:49:24,291 INFO 782417 [Timer] /graphql-demo/apps/gateway/node_modules/egg-multipart/app/schedule/clean_tmpdir.js next time will execute after 70835722ms at 2021-03-28 04:30:00.013
2021-03-27 08:49:24,292 INFO 782417 [Timer] /graphql-demo/apps/gateway/node_modules/egg-logrotator/app/schedule/clean_log.js next time will execute after 54635708ms at 2021-03-28 00:00:00.000
2021-03-27 08:49:24,294 INFO 782417 [Timer] /graphql-demo/apps/gateway/node_modules/egg-logrotator/app/schedule/rotate_by_file.js next time will execute after 54636706ms at 2021-03-28 00:00:01.000
2021-03-27 08:50:22,648 INFO 782921 [egg-schedule]: register schedule /graphql-demo/apps/gateway/node_modules/egg-multipart/app/schedule/clean_tmpdir.js
2021-03-27 08:50:22,648 INFO 782921 [egg-schedule]: register schedule /graphql-demo/apps/gateway/node_modules/egg-logrotator/app/schedule/clean_log.js
2021-03-27 08:50:22,648 INFO 782921 [egg-schedule]: register schedule /graphql-demo/apps/gateway/node_modules/egg-logrotator/app/schedule/rotate_by_file.js
2021-03-27 08:50:23,548 INFO 782884 [Timer] /graphql-demo/apps/gateway/node_modules/egg-multipart/app/schedule/clean_tmpdir.js next time will execute after 70776455ms at 2021-03-28 04:30:00.003
2021-03-27 08:50:23,549 INFO 782884 [Timer] /graphql-demo/apps/gateway/node_modules/egg-logrotator/app/schedule/clean_log.js next time will execute after 54576451ms at 2021-03-28 00:00:00.000
2021-03-27 08:50:23,550 INFO 782884 [Timer] /graphql-demo/apps/gateway/node_modules/egg-logrotator/app/schedule/rotate_by_file.js next time will execute after 54577451ms at 2021-03-28 00:00:01.001
2021-03-27 08:51:19,872 INFO 783346 [Timer] /graphql-demo/apps/gateway/node_modules/egg-multipart/app/schedule/clean_tmpdir.js next time will execute after 70720132ms at 2021-03-28 04:30:00.004
2021-03-27 08:51:19,873 INFO 783346 [Timer] /graphql-demo/apps/gateway/node_modules/egg-logrotator/app/schedule/clean_log.js next time will execute after 54520128ms at 2021-03-28 00:00:00.001
2021-03-27 08:51:19,874 INFO 783346 [Timer] /graphql-demo/apps/gateway/node_modules/egg-logrotator/app/schedule/rotate_by_file.js next time will execute after 54521127ms at 2021-03-28 00:00:01.001
2021-03-27 08:51:19,525 INFO 783368 [egg-schedule]: register schedule /graphql-demo/apps/gateway/node_modules/egg-multipart/app/schedule/clean_tmpdir.js
2021-03-27 08:51:19,525 INFO 783368 [egg-schedule]: register schedule /graphql-demo/apps/gateway/node_modules/egg-logrotator/app/schedule/clean_log.js
2021-03-27 08:51:19,525 INFO 783368 [egg-schedule]: register schedule /graphql-demo/apps/gateway/node_modules/egg-logrotator/app/schedule/rotate_by_file.js
