2021-03-25 15:37:02,413 INFO 710919 [egg:logger] init all loggers with options: {"dir":"/graphql-demo/apps/gateway/logs/gateway","encoding":"utf8","env":"local","level":"INFO","consoleLevel":"INFO","disableConsoleAfterReady":false,"outputJSON":false,"buffer":true,"appLogName":"gateway-web.log","coreLogName":"egg-web.log","agentLogName":"egg-agent.log","errorLogName":"common-error.log","coreLogger":{"consoleLevel":"WARN"},"allowDebugAtProd":false,"type":"application"}
2021-03-25 15:37:02,461 INFO 710919 [egg-multipart] stream mode enable
2021-03-25 15:37:02,623 INFO 710919 [egg-static] starting static serve /public/ -> /graphql-demo/apps/gateway/app/public
2021-03-25 15:37:02,626 INFO 710919 [egg-security] use methodnoallow middleware
2021-03-25 15:37:02,627 INFO 710919 [egg-security] use noopen middleware
2021-03-25 15:37:02,628 INFO 710919 [egg-security] use nosniff middleware
2021-03-25 15:37:02,629 INFO 710919 [egg-security] use xssProtection middleware
2021-03-25 15:37:02,630 INFO 710919 [egg-security] use xframe middleware
2021-03-25 15:37:02,631 INFO 710919 [egg-security] use dta middleware
2021-03-25 15:37:02,631 INFO 710919 [egg-security] compose 6 middlewares into one security middleware
2021-03-25 15:37:03,098 INFO 710919 [egg:core] dump config after load, 6ms
2021-03-25 15:37:03,124 INFO 710919 [egg-watcher:application] watcher start success
2021-03-25 15:37:03,135 INFO 710919 [egg:core] dump config after ready, 8ms
2021-03-25 15:40:08,606 INFO 711046 [egg:logger] init all loggers with options: {"dir":"/graphql-demo/apps/gateway/logs/gateway","encoding":"utf8","env":"local","level":"INFO","consoleLevel":"INFO","disableConsoleAfterReady":false,"outputJSON":false,"buffer":true,"appLogName":"gateway-web.log","coreLogName":"egg-web.log","agentLogName":"egg-agent.log","errorLogName":"common-error.log","coreLogger":{"consoleLevel":"WARN"},"allowDebugAtProd":false,"type":"application"}
2021-03-25 15:40:08,653 INFO 711046 [egg-multipart] stream mode enable
2021-03-25 15:40:08,791 INFO 711046 [egg-static] starting static serve /public/ -> /graphql-demo/apps/gateway/app/public
2021-03-25 15:40:08,793 INFO 711046 [egg-security] use methodnoallow middleware
2021-03-25 15:40:08,794 INFO 711046 [egg-security] use noopen middleware
2021-03-25 15:40:08,795 INFO 711046 [egg-security] use nosniff middleware
2021-03-25 15:40:08,795 INFO 711046 [egg-security] use xssProtection middleware
2021-03-25 15:40:08,796 INFO 711046 [egg-security] use xframe middleware
2021-03-25 15:40:08,797 INFO 711046 [egg-security] use dta middleware
2021-03-25 15:40:08,797 INFO 711046 [egg-security] compose 6 middlewares into one security middleware
2021-03-25 15:40:09,236 INFO 711046 [egg:core] dump config after load, 4ms
2021-03-25 15:40:09,246 INFO 711046 [egg-watcher:application] watcher start success
2021-03-25 15:40:09,256 INFO 711046 [egg:core] dump config after ready, 8ms
2021-03-25 15:43:03,866 INFO 711746 [egg:logger] init all loggers with options: {"dir":"/graphql-demo/apps/gateway/logs/gateway","encoding":"utf8","env":"local","level":"INFO","consoleLevel":"INFO","disableConsoleAfterReady":false,"outputJSON":false,"buffer":true,"appLogName":"gateway-web.log","coreLogName":"egg-web.log","agentLogName":"egg-agent.log","errorLogName":"common-error.log","coreLogger":{"consoleLevel":"WARN"},"allowDebugAtProd":false,"type":"application"}
2021-03-25 15:43:03,898 INFO 711746 [egg-multipart] stream mode enable
2021-03-25 15:43:04,010 INFO 711746 [egg-static] starting static serve /public/ -> /graphql-demo/apps/gateway/app/public
2021-03-25 15:43:04,013 INFO 711746 [egg-security] use methodnoallow middleware
2021-03-25 15:43:04,013 INFO 711746 [egg-security] use noopen middleware
2021-03-25 15:43:04,014 INFO 711746 [egg-security] use nosniff middleware
2021-03-25 15:43:04,015 INFO 711746 [egg-security] use xssProtection middleware
2021-03-25 15:43:04,016 INFO 711746 [egg-security] use xframe middleware
2021-03-25 15:43:04,017 INFO 711746 [egg-security] use dta middleware
2021-03-25 15:43:04,017 INFO 711746 [egg-security] compose 6 middlewares into one security middleware
2021-03-25 15:43:04,319 INFO 711746 [egg:core] dump config after load, 5ms
2021-03-25 15:43:04,330 INFO 711746 [egg-watcher:application] watcher start success
2021-03-25 15:43:04,339 INFO 711746 [egg:core] dump config after ready, 6ms
2021-03-25 15:43:19,820 INFO 711868 [egg:logger] init all loggers with options: {"dir":"/graphql-demo/apps/gateway/logs/gateway","encoding":"utf8","env":"local","level":"INFO","consoleLevel":"INFO","disableConsoleAfterReady":false,"outputJSON":false,"buffer":true,"appLogName":"gateway-web.log","coreLogName":"egg-web.log","agentLogName":"egg-agent.log","errorLogName":"common-error.log","coreLogger":{"consoleLevel":"WARN"},"allowDebugAtProd":false,"type":"application"}
2021-03-25 15:43:19,852 INFO 711868 [egg-multipart] stream mode enable
2021-03-25 15:43:19,920 INFO 711868 [egg-static] starting static serve /public/ -> /graphql-demo/apps/gateway/app/public
2021-03-25 15:43:19,922 INFO 711868 [egg-security] use methodnoallow middleware
2021-03-25 15:43:19,923 INFO 711868 [egg-security] use noopen middleware
2021-03-25 15:43:19,923 INFO 711868 [egg-security] use nosniff middleware
2021-03-25 15:43:19,923 INFO 711868 [egg-security] use xssProtection middleware
2021-03-25 15:43:19,924 INFO 711868 [egg-security] use xframe middleware
2021-03-25 15:43:19,924 INFO 711868 [egg-security] use dta middleware
2021-03-25 15:43:19,924 INFO 711868 [egg-security] compose 6 middlewares into one security middleware
2021-03-25 15:43:25,139 INFO 711868 [egg:core] dump config after load, 5ms
2021-03-25 15:43:25,166 INFO 711868 [egg-watcher:application] watcher start success
2021-03-25 15:43:25,178 INFO 711868 [egg:core] dump config after ready, 8ms
2021-03-25 15:43:26,851 INFO 711948 [egg:logger] init all loggers with options: {"dir":"/graphql-demo/apps/gateway/logs/gateway","encoding":"utf8","env":"local","level":"INFO","consoleLevel":"INFO","disableConsoleAfterReady":false,"outputJSON":false,"buffer":true,"appLogName":"gateway-web.log","coreLogName":"egg-web.log","agentLogName":"egg-agent.log","errorLogName":"common-error.log","coreLogger":{"consoleLevel":"WARN"},"allowDebugAtProd":false,"type":"application"}
2021-03-25 15:43:26,885 INFO 711948 [egg-multipart] stream mode enable
2021-03-25 15:43:26,949 INFO 711948 [egg-static] starting static serve /public/ -> /graphql-demo/apps/gateway/app/public
2021-03-25 15:43:26,951 INFO 711948 [egg-security] use methodnoallow middleware
2021-03-25 15:43:26,951 INFO 711948 [egg-security] use noopen middleware
2021-03-25 15:43:26,952 INFO 711948 [egg-security] use nosniff middleware
2021-03-25 15:43:26,952 INFO 711948 [egg-security] use xssProtection middleware
2021-03-25 15:43:26,953 INFO 711948 [egg-security] use xframe middleware
2021-03-25 15:43:26,953 INFO 711948 [egg-security] use dta middleware
2021-03-25 15:43:26,953 INFO 711948 [egg-security] compose 6 middlewares into one security middleware
2021-03-25 15:43:27,139 INFO 711948 [egg:core] dump config after load, 6ms
2021-03-25 15:43:27,157 INFO 711948 [egg-watcher:application] watcher start success
2021-03-25 15:43:27,167 INFO 711948 [egg:core] dump config after ready, 8ms
2021-03-25 15:46:31,445 INFO 712024 [egg:logger] init all loggers with options: {"dir":"/graphql-demo/apps/gateway/logs/gateway","encoding":"utf8","env":"local","level":"INFO","consoleLevel":"INFO","disableConsoleAfterReady":false,"outputJSON":false,"buffer":true,"appLogName":"gateway-web.log","coreLogName":"egg-web.log","agentLogName":"egg-agent.log","errorLogName":"common-error.log","coreLogger":{"consoleLevel":"WARN"},"allowDebugAtProd":false,"type":"application"}
2021-03-25 15:46:31,509 INFO 712024 [egg-multipart] stream mode enable
2021-03-25 15:46:31,674 INFO 712024 [egg-static] starting static serve /public/ -> /graphql-demo/apps/gateway/app/public
2021-03-25 15:46:31,677 INFO 712024 [egg-security] use methodnoallow middleware
2021-03-25 15:46:31,678 INFO 712024 [egg-security] use noopen middleware
2021-03-25 15:46:31,679 INFO 712024 [egg-security] use nosniff middleware
2021-03-25 15:46:31,680 INFO 712024 [egg-security] use xssProtection middleware
2021-03-25 15:46:31,681 INFO 712024 [egg-security] use xframe middleware
2021-03-25 15:46:31,682 INFO 712024 [egg-security] use dta middleware
2021-03-25 15:46:31,682 INFO 712024 [egg-security] compose 6 middlewares into one security middleware
2021-03-25 15:46:32,233 INFO 712024 [egg:core] dump config after load, 7ms
2021-03-25 15:46:32,253 INFO 712024 [egg-watcher:application] watcher start success
2021-03-25 15:46:32,278 INFO 712024 [egg:core] dump config after ready, 21ms
2021-03-25 15:52:39,745 INFO 713022 [egg:logger] init all loggers with options: {"dir":"/graphql-demo/apps/gateway/logs/gateway","encoding":"utf8","env":"local","level":"INFO","consoleLevel":"INFO","disableConsoleAfterReady":false,"outputJSON":false,"buffer":true,"appLogName":"gateway-web.log","coreLogName":"egg-web.log","agentLogName":"egg-agent.log","errorLogName":"common-error.log","coreLogger":{"consoleLevel":"WARN"},"allowDebugAtProd":false,"type":"application"}
2021-03-25 15:52:39,797 INFO 713022 [egg-multipart] stream mode enable
2021-03-25 15:52:39,931 INFO 713022 [egg-static] starting static serve /public/ -> /graphql-demo/apps/gateway/app/public
2021-03-25 15:52:39,933 INFO 713022 [egg-security] use methodnoallow middleware
2021-03-25 15:52:39,934 INFO 713022 [egg-security] use noopen middleware
2021-03-25 15:52:39,935 INFO 713022 [egg-security] use nosniff middleware
2021-03-25 15:52:39,936 INFO 713022 [egg-security] use xssProtection middleware
2021-03-25 15:52:39,937 INFO 713022 [egg-security] use xframe middleware
2021-03-25 15:52:39,937 INFO 713022 [egg-security] use dta middleware
2021-03-25 15:52:39,937 INFO 713022 [egg-security] compose 6 middlewares into one security middleware
2021-03-25 15:52:44,249 INFO 713022 [egg:core] dump config after load, 5ms
2021-03-25 15:52:44,262 INFO 713022 [egg-watcher:application] watcher start success
2021-03-25 15:52:44,270 INFO 713022 [egg:core] dump config after ready, 6ms
2021-03-25 15:54:09,914 INFO 713377 [egg:logger] init all loggers with options: {"dir":"/graphql-demo/apps/gateway/logs/gateway","encoding":"utf8","env":"local","level":"INFO","consoleLevel":"INFO","disableConsoleAfterReady":false,"outputJSON":false,"buffer":true,"appLogName":"gateway-web.log","coreLogName":"egg-web.log","agentLogName":"egg-agent.log","errorLogName":"common-error.log","coreLogger":{"consoleLevel":"WARN"},"allowDebugAtProd":false,"type":"application"}
2021-03-25 15:54:09,951 INFO 713377 [egg-multipart] stream mode enable
2021-03-25 15:54:10,072 INFO 713377 [egg-static] starting static serve /public/ -> /graphql-demo/apps/gateway/app/public
2021-03-25 15:54:10,076 INFO 713377 [egg-security] use methodnoallow middleware
2021-03-25 15:54:10,076 INFO 713377 [egg-security] use noopen middleware
2021-03-25 15:54:10,077 INFO 713377 [egg-security] use nosniff middleware
2021-03-25 15:54:10,078 INFO 713377 [egg-security] use xssProtection middleware
2021-03-25 15:54:10,079 INFO 713377 [egg-security] use xframe middleware
2021-03-25 15:54:10,079 INFO 713377 [egg-security] use dta middleware
2021-03-25 15:54:10,079 INFO 713377 [egg-security] compose 6 middlewares into one security middleware
2021-03-25 15:54:10,404 INFO 713377 [egg:core] dump config after load, 7ms
2021-03-25 15:54:10,420 INFO 713377 [egg-watcher:application] watcher start success
2021-03-25 15:54:10,431 INFO 713377 [egg:core] dump config after ready, 8ms
2021-03-25 16:08:12,518 INFO 715174 [egg:logger] init all loggers with options: {"dir":"/graphql-demo/apps/gateway/logs/gateway","encoding":"utf8","env":"local","level":"INFO","consoleLevel":"INFO","disableConsoleAfterReady":false,"outputJSON":false,"buffer":true,"appLogName":"gateway-web.log","coreLogName":"egg-web.log","agentLogName":"egg-agent.log","errorLogName":"common-error.log","coreLogger":{"consoleLevel":"WARN"},"allowDebugAtProd":false,"type":"application"}
2021-03-25 16:08:12,549 INFO 715174 [egg-multipart] stream mode enable
2021-03-25 16:08:12,606 INFO 715174 [egg-static] starting static serve /public/ -> /graphql-demo/apps/gateway/app/public
2021-03-25 16:08:12,608 INFO 715174 [egg-security] use methodnoallow middleware
2021-03-25 16:08:12,608 INFO 715174 [egg-security] use noopen middleware
2021-03-25 16:08:12,609 INFO 715174 [egg-security] use nosniff middleware
2021-03-25 16:08:12,609 INFO 715174 [egg-security] use xssProtection middleware
2021-03-25 16:08:12,610 INFO 715174 [egg-security] use xframe middleware
2021-03-25 16:08:12,610 INFO 715174 [egg-security] use dta middleware
2021-03-25 16:08:12,610 INFO 715174 [egg-security] compose 6 middlewares into one security middleware
2021-03-25 16:08:17,748 INFO 715174 [egg:core] dump config after load, 6ms
2021-03-25 16:08:17,767 INFO 715174 [egg-watcher:application] watcher start success
2021-03-25 16:08:17,778 INFO 715174 [egg:core] dump config after ready, 8ms
2021-03-25 16:09:34,495 INFO 715263 [egg:logger] init all loggers with options: {"dir":"/graphql-demo/apps/gateway/logs/gateway","encoding":"utf8","env":"local","level":"INFO","consoleLevel":"INFO","disableConsoleAfterReady":false,"outputJSON":false,"buffer":true,"appLogName":"gateway-web.log","coreLogName":"egg-web.log","agentLogName":"egg-agent.log","errorLogName":"common-error.log","coreLogger":{"consoleLevel":"WARN"},"allowDebugAtProd":false,"type":"application"}
2021-03-25 16:09:34,533 INFO 715263 [egg-multipart] stream mode enable
2021-03-25 16:09:34,593 INFO 715263 [egg-static] starting static serve /public/ -> /graphql-demo/apps/gateway/app/public
2021-03-25 16:09:34,595 INFO 715263 [egg-security] use methodnoallow middleware
2021-03-25 16:09:34,595 INFO 715263 [egg-security] use noopen middleware
2021-03-25 16:09:34,596 INFO 715263 [egg-security] use nosniff middleware
2021-03-25 16:09:34,596 INFO 715263 [egg-security] use xssProtection middleware
2021-03-25 16:09:34,597 INFO 715263 [egg-security] use xframe middleware
2021-03-25 16:09:34,597 INFO 715263 [egg-security] use dta middleware
2021-03-25 16:09:34,597 INFO 715263 [egg-security] compose 6 middlewares into one security middleware
2021-03-25 16:09:38,559 INFO 715263 [egg:core] dump config after load, 6ms
2021-03-25 16:09:38,571 INFO 715263 [egg-watcher:application] watcher start success
2021-03-25 16:09:38,579 INFO 715263 [egg:core] dump config after ready, 6ms
2021-03-25 16:15:01,114 INFO 715440 [egg:logger] init all loggers with options: {"dir":"/graphql-demo/apps/gateway/logs/gateway","encoding":"utf8","env":"local","level":"INFO","consoleLevel":"INFO","disableConsoleAfterReady":false,"outputJSON":false,"buffer":true,"appLogName":"gateway-web.log","coreLogName":"egg-web.log","agentLogName":"egg-agent.log","errorLogName":"common-error.log","coreLogger":{"consoleLevel":"WARN"},"allowDebugAtProd":false,"type":"application"}
2021-03-25 16:15:01,287 INFO 715440 [egg-multipart] stream mode enable
2021-03-25 16:15:01,497 INFO 715440 [egg-static] starting static serve /public/ -> /graphql-demo/apps/gateway/app/public
2021-03-25 16:15:01,508 INFO 715440 [egg-security] use methodnoallow middleware
2021-03-25 16:15:01,510 INFO 715440 [egg-security] use noopen middleware
2021-03-25 16:15:01,514 INFO 715440 [egg-security] use nosniff middleware
2021-03-25 16:15:01,515 INFO 715440 [egg-security] use xssProtection middleware
2021-03-25 16:15:01,517 INFO 715440 [egg-security] use xframe middleware
2021-03-25 16:15:01,518 INFO 715440 [egg-security] use dta middleware
2021-03-25 16:15:01,518 INFO 715440 [egg-security] compose 6 middlewares into one security middleware
2021-03-25 16:15:06,413 INFO 715440 [egg:core] dump config after load, 7ms
2021-03-25 16:15:06,437 INFO 715440 [egg-watcher:application] watcher start success
2021-03-25 16:15:06,451 INFO 715440 [egg:core] dump config after ready, 12ms
2021-03-25 16:16:49,845 INFO 715536 [egg:logger] init all loggers with options: {"dir":"/graphql-demo/apps/gateway/logs/gateway","encoding":"utf8","env":"local","level":"INFO","consoleLevel":"INFO","disableConsoleAfterReady":false,"outputJSON":false,"buffer":true,"appLogName":"gateway-web.log","coreLogName":"egg-web.log","agentLogName":"egg-agent.log","errorLogName":"common-error.log","coreLogger":{"consoleLevel":"WARN"},"allowDebugAtProd":false,"type":"application"}
2021-03-25 16:16:49,895 INFO 715536 [egg-multipart] stream mode enable
2021-03-25 16:16:50,156 INFO 715536 [egg-static] starting static serve /public/ -> /graphql-demo/apps/gateway/app/public
2021-03-25 16:16:50,160 INFO 715536 [egg-security] use methodnoallow middleware
2021-03-25 16:16:50,162 INFO 715536 [egg-security] use noopen middleware
2021-03-25 16:16:50,163 INFO 715536 [egg-security] use nosniff middleware
2021-03-25 16:16:50,166 INFO 715536 [egg-security] use xssProtection middleware
2021-03-25 16:16:50,167 INFO 715536 [egg-security] use xframe middleware
2021-03-25 16:16:50,169 INFO 715536 [egg-security] use dta middleware
2021-03-25 16:16:50,169 INFO 715536 [egg-security] compose 6 middlewares into one security middleware
2021-03-25 16:16:50,685 INFO 715536 [egg:core] dump config after load, 7ms
2021-03-25 16:16:50,723 INFO 715536 [egg-watcher:application] watcher start success
2021-03-25 16:16:50,748 INFO 715536 [egg:core] dump config after ready, 21ms
2021-03-25 16:16:56,703 INFO 715598 [egg:logger] init all loggers with options: {"dir":"/graphql-demo/apps/gateway/logs/gateway","encoding":"utf8","env":"local","level":"INFO","consoleLevel":"INFO","disableConsoleAfterReady":false,"outputJSON":false,"buffer":true,"appLogName":"gateway-web.log","coreLogName":"egg-web.log","agentLogName":"egg-agent.log","errorLogName":"common-error.log","coreLogger":{"consoleLevel":"WARN"},"allowDebugAtProd":false,"type":"application"}
2021-03-25 16:16:56,733 INFO 715598 [egg-multipart] stream mode enable
2021-03-25 16:16:56,805 INFO 715598 [egg-static] starting static serve /public/ -> /graphql-demo/apps/gateway/app/public
2021-03-25 16:16:56,807 INFO 715598 [egg-security] use methodnoallow middleware
2021-03-25 16:16:56,808 INFO 715598 [egg-security] use noopen middleware
2021-03-25 16:16:56,808 INFO 715598 [egg-security] use nosniff middleware
2021-03-25 16:16:56,808 INFO 715598 [egg-security] use xssProtection middleware
2021-03-25 16:16:56,809 INFO 715598 [egg-security] use xframe middleware
2021-03-25 16:16:56,809 INFO 715598 [egg-security] use dta middleware
2021-03-25 16:16:56,809 INFO 715598 [egg-security] compose 6 middlewares into one security middleware
2021-03-25 16:16:57,115 INFO 715598 [egg:core] dump config after load, 4ms
2021-03-25 16:16:57,127 INFO 715598 [egg-watcher:application] watcher start success
2021-03-25 16:16:57,134 INFO 715598 [egg:core] dump config after ready, 5ms
2021-03-25 16:17:38,021 INFO 715824 [egg:logger] init all loggers with options: {"dir":"/graphql-demo/apps/gateway/logs/gateway","encoding":"utf8","env":"local","level":"INFO","consoleLevel":"INFO","disableConsoleAfterReady":false,"outputJSON":false,"buffer":true,"appLogName":"gateway-web.log","coreLogName":"egg-web.log","agentLogName":"egg-agent.log","errorLogName":"common-error.log","coreLogger":{"consoleLevel":"WARN"},"allowDebugAtProd":false,"type":"application"}
2021-03-25 16:17:38,089 INFO 715824 [egg-multipart] stream mode enable
2021-03-25 16:17:38,243 INFO 715824 [egg-static] starting static serve /public/ -> /graphql-demo/apps/gateway/app/public
2021-03-25 16:17:38,246 INFO 715824 [egg-security] use methodnoallow middleware
2021-03-25 16:17:38,247 INFO 715824 [egg-security] use noopen middleware
2021-03-25 16:17:38,247 INFO 715824 [egg-security] use nosniff middleware
2021-03-25 16:17:38,248 INFO 715824 [egg-security] use xssProtection middleware
2021-03-25 16:17:38,257 INFO 715824 [egg-security] use xframe middleware
2021-03-25 16:17:38,258 INFO 715824 [egg-security] use dta middleware
2021-03-25 16:17:38,258 INFO 715824 [egg-security] compose 6 middlewares into one security middleware
2021-03-25 16:17:38,469 INFO 715824 [egg:core] dump config after load, 25ms
2021-03-25 16:17:38,493 INFO 715824 [egg-watcher:application] watcher start success
2021-03-25 16:17:38,504 INFO 715824 [egg:core] dump config after ready, 8ms
2021-03-25 16:17:55,902 INFO 716005 [egg:logger] init all loggers with options: {"dir":"/graphql-demo/apps/gateway/logs/gateway","encoding":"utf8","env":"local","level":"INFO","consoleLevel":"INFO","disableConsoleAfterReady":false,"outputJSON":false,"buffer":true,"appLogName":"gateway-web.log","coreLogName":"egg-web.log","agentLogName":"egg-agent.log","errorLogName":"common-error.log","coreLogger":{"consoleLevel":"WARN"},"allowDebugAtProd":false,"type":"application"}
2021-03-25 16:17:55,958 INFO 716005 [egg-multipart] stream mode enable
2021-03-25 16:17:56,052 INFO 716005 [egg-static] starting static serve /public/ -> /graphql-demo/apps/gateway/app/public
2021-03-25 16:17:56,056 INFO 716005 [egg-security] use methodnoallow middleware
2021-03-25 16:17:56,056 INFO 716005 [egg-security] use noopen middleware
2021-03-25 16:17:56,057 INFO 716005 [egg-security] use nosniff middleware
2021-03-25 16:17:56,058 INFO 716005 [egg-security] use xssProtection middleware
2021-03-25 16:17:56,058 INFO 716005 [egg-security] use xframe middleware
2021-03-25 16:17:56,059 INFO 716005 [egg-security] use dta middleware
2021-03-25 16:17:56,059 INFO 716005 [egg-security] compose 6 middlewares into one security middleware
2021-03-25 16:17:56,349 INFO 716005 [egg:core] dump config after load, 7ms
2021-03-25 16:17:56,373 INFO 716005 [egg-watcher:application] watcher start success
2021-03-25 16:17:56,397 INFO 716005 [egg:core] dump config after ready, 20ms
2021-03-26 06:31:55,953 INFO 739299 [egg:logger] init all loggers with options: {"dir":"/graphql-demo/apps/gateway/logs/gateway","encoding":"utf8","env":"local","level":"INFO","consoleLevel":"INFO","disableConsoleAfterReady":false,"outputJSON":false,"buffer":true,"appLogName":"gateway-web.log","coreLogName":"egg-web.log","agentLogName":"egg-agent.log","errorLogName":"common-error.log","coreLogger":{"consoleLevel":"WARN"},"allowDebugAtProd":false,"type":"application"}
2021-03-26 06:31:55,982 INFO 739299 [egg-multipart] stream mode enable
2021-03-26 06:31:56,094 INFO 739299 [egg-static] starting static serve /public/ -> /graphql-demo/apps/gateway/app/public
2021-03-26 06:31:56,097 INFO 739299 [egg-security] use methodnoallow middleware
2021-03-26 06:31:56,098 INFO 739299 [egg-security] use noopen middleware
2021-03-26 06:31:56,099 INFO 739299 [egg-security] use nosniff middleware
2021-03-26 06:31:56,099 INFO 739299 [egg-security] use xssProtection middleware
2021-03-26 06:31:56,100 INFO 739299 [egg-security] use xframe middleware
2021-03-26 06:31:56,101 INFO 739299 [egg-security] use dta middleware
2021-03-26 06:31:56,101 INFO 739299 [egg-security] compose 6 middlewares into one security middleware
2021-03-26 06:31:56,406 INFO 739299 [egg:core] dump config after load, 7ms
2021-03-26 06:31:56,423 INFO 739299 [egg-watcher:application] watcher start success
2021-03-26 06:31:56,433 INFO 739299 [egg:core] dump config after ready, 8ms
2021-03-26 07:41:45,441 INFO 744644 [egg:logger] init all loggers with options: {"dir":"/graphql-demo/apps/gateway/logs/gateway","encoding":"utf8","env":"local","level":"INFO","consoleLevel":"INFO","disableConsoleAfterReady":false,"outputJSON":false,"buffer":true,"appLogName":"gateway-web.log","coreLogName":"egg-web.log","agentLogName":"egg-agent.log","errorLogName":"common-error.log","coreLogger":{"consoleLevel":"WARN"},"allowDebugAtProd":false,"type":"application"}
2021-03-26 07:41:45,470 INFO 744644 [egg-multipart] stream mode enable
2021-03-26 07:41:45,526 INFO 744644 [egg-static] starting static serve /public/ -> /graphql-demo/apps/gateway/app/public
2021-03-26 07:41:45,528 INFO 744644 [egg-security] use methodnoallow middleware
2021-03-26 07:41:45,528 INFO 744644 [egg-security] use noopen middleware
2021-03-26 07:41:45,529 INFO 744644 [egg-security] use nosniff middleware
2021-03-26 07:41:45,529 INFO 744644 [egg-security] use xssProtection middleware
2021-03-26 07:41:45,529 INFO 744644 [egg-security] use xframe middleware
2021-03-26 07:41:45,530 INFO 744644 [egg-security] use dta middleware
2021-03-26 07:41:45,530 INFO 744644 [egg-security] compose 6 middlewares into one security middleware
2021-03-26 07:41:50,631 INFO 744644 [egg:core] dump config after load, 4ms
2021-03-26 07:41:50,647 INFO 744644 [egg-watcher:application] watcher start success
2021-03-26 07:41:50,654 INFO 744644 [egg:core] dump config after ready, 5ms
2021-03-26 08:19:17,169 INFO 744873 [egg:logger] init all loggers with options: {"dir":"/graphql-demo/apps/gateway/logs/gateway","encoding":"utf8","env":"local","level":"INFO","consoleLevel":"INFO","disableConsoleAfterReady":false,"outputJSON":false,"buffer":true,"appLogName":"gateway-web.log","coreLogName":"egg-web.log","agentLogName":"egg-agent.log","errorLogName":"common-error.log","coreLogger":{"consoleLevel":"WARN"},"allowDebugAtProd":false,"type":"application"}
2021-03-26 08:19:17,219 INFO 744873 [egg-multipart] stream mode enable
2021-03-26 08:19:17,367 INFO 744873 [egg-static] starting static serve /public/ -> /graphql-demo/apps/gateway/app/public
2021-03-26 08:19:17,370 INFO 744873 [egg-security] use methodnoallow middleware
2021-03-26 08:19:17,371 INFO 744873 [egg-security] use noopen middleware
2021-03-26 08:19:17,372 INFO 744873 [egg-security] use nosniff middleware
2021-03-26 08:19:17,373 INFO 744873 [egg-security] use xssProtection middleware
2021-03-26 08:19:17,374 INFO 744873 [egg-security] use xframe middleware
2021-03-26 08:19:17,374 INFO 744873 [egg-security] use dta middleware
2021-03-26 08:19:17,375 INFO 744873 [egg-security] compose 6 middlewares into one security middleware
2021-03-26 08:19:24,689 INFO 744873 [egg:core] dump config after load, 8ms
2021-03-26 08:19:24,706 INFO 744873 [egg-watcher:application] watcher start success
2021-03-26 08:19:24,718 INFO 744873 [egg:core] dump config after ready, 9ms
2021-03-26 08:19:42,626 INFO 744918 [egg:logger] init all loggers with options: {"dir":"/graphql-demo/apps/gateway/logs/gateway","encoding":"utf8","env":"local","level":"INFO","consoleLevel":"INFO","disableConsoleAfterReady":false,"outputJSON":false,"buffer":true,"appLogName":"gateway-web.log","coreLogName":"egg-web.log","agentLogName":"egg-agent.log","errorLogName":"common-error.log","coreLogger":{"consoleLevel":"WARN"},"allowDebugAtProd":false,"type":"application"}
2021-03-26 08:19:42,673 INFO 744918 [egg-multipart] stream mode enable
2021-03-26 08:19:42,729 INFO 744918 [egg-static] starting static serve /public/ -> /graphql-demo/apps/gateway/app/public
2021-03-26 08:19:42,731 INFO 744918 [egg-security] use methodnoallow middleware
2021-03-26 08:19:42,731 INFO 744918 [egg-security] use noopen middleware
2021-03-26 08:19:42,732 INFO 744918 [egg-security] use nosniff middleware
2021-03-26 08:19:42,732 INFO 744918 [egg-security] use xssProtection middleware
2021-03-26 08:19:42,732 INFO 744918 [egg-security] use xframe middleware
2021-03-26 08:19:42,733 INFO 744918 [egg-security] use dta middleware
2021-03-26 08:19:42,733 INFO 744918 [egg-security] compose 6 middlewares into one security middleware
2021-03-26 08:19:46,329 INFO 744918 [egg:core] dump config after load, 4ms
2021-03-26 08:19:46,352 INFO 744918 [egg-watcher:application] watcher start success
2021-03-26 08:19:46,367 INFO 744918 [egg:core] dump config after ready, 12ms
2021-03-26 08:19:53,291 INFO 744949 [egg:logger] init all loggers with options: {"dir":"/graphql-demo/apps/gateway/logs/gateway","encoding":"utf8","env":"local","level":"INFO","consoleLevel":"INFO","disableConsoleAfterReady":false,"outputJSON":false,"buffer":true,"appLogName":"gateway-web.log","coreLogName":"egg-web.log","agentLogName":"egg-agent.log","errorLogName":"common-error.log","coreLogger":{"consoleLevel":"WARN"},"allowDebugAtProd":false,"type":"application"}
2021-03-26 08:19:53,330 INFO 744949 [egg-multipart] stream mode enable
2021-03-26 08:19:53,389 INFO 744949 [egg-static] starting static serve /public/ -> /graphql-demo/apps/gateway/app/public
2021-03-26 08:19:53,391 INFO 744949 [egg-security] use methodnoallow middleware
2021-03-26 08:19:53,392 INFO 744949 [egg-security] use noopen middleware
2021-03-26 08:19:53,392 INFO 744949 [egg-security] use nosniff middleware
2021-03-26 08:19:53,392 INFO 744949 [egg-security] use xssProtection middleware
2021-03-26 08:19:53,393 INFO 744949 [egg-security] use xframe middleware
2021-03-26 08:19:53,393 INFO 744949 [egg-security] use dta middleware
2021-03-26 08:19:53,393 INFO 744949 [egg-security] compose 6 middlewares into one security middleware
2021-03-26 08:19:53,557 INFO 744949 [egg:core] dump config after load, 5ms
2021-03-26 08:19:53,568 INFO 744949 [egg-watcher:application] watcher start success
2021-03-26 08:19:53,579 INFO 744949 [egg:core] dump config after ready, 8ms
2021-03-26 08:31:09,262 INFO 745748 [egg:logger] init all loggers with options: {"dir":"/graphql-demo/apps/gateway/logs/gateway","encoding":"utf8","env":"local","level":"INFO","consoleLevel":"INFO","disableConsoleAfterReady":false,"outputJSON":false,"buffer":true,"appLogName":"gateway-web.log","coreLogName":"egg-web.log","agentLogName":"egg-agent.log","errorLogName":"common-error.log","coreLogger":{"consoleLevel":"WARN"},"allowDebugAtProd":false,"type":"application"}
2021-03-26 08:31:09,305 INFO 745748 [egg-multipart] stream mode enable
2021-03-26 08:31:09,426 INFO 745748 [egg-static] starting static serve /public/ -> /graphql-demo/apps/gateway/app/public
2021-03-26 08:31:09,429 INFO 745748 [egg-security] use methodnoallow middleware
2021-03-26 08:31:09,429 INFO 745748 [egg-security] use noopen middleware
2021-03-26 08:31:09,430 INFO 745748 [egg-security] use nosniff middleware
2021-03-26 08:31:09,431 INFO 745748 [egg-security] use xssProtection middleware
2021-03-26 08:31:09,432 INFO 745748 [egg-security] use xframe middleware
2021-03-26 08:31:09,433 INFO 745748 [egg-security] use dta middleware
2021-03-26 08:31:09,433 INFO 745748 [egg-security] compose 6 middlewares into one security middleware
2021-03-26 08:31:09,464 INFO 745748 [egg:core] dump config after load, 5ms
2021-03-26 08:31:09,518 INFO 745748 [egg-watcher:application] watcher start success
2021-03-26 08:31:09,526 INFO 745748 [egg:core] dump config after ready, 6ms
2021-03-26 08:31:11,337 INFO 745819 [egg:logger] init all loggers with options: {"dir":"/graphql-demo/apps/gateway/logs/gateway","encoding":"utf8","env":"local","level":"INFO","consoleLevel":"INFO","disableConsoleAfterReady":false,"outputJSON":false,"buffer":true,"appLogName":"gateway-web.log","coreLogName":"egg-web.log","agentLogName":"egg-agent.log","errorLogName":"common-error.log","coreLogger":{"consoleLevel":"WARN"},"allowDebugAtProd":false,"type":"application"}
2021-03-26 08:31:11,386 INFO 745819 [egg-multipart] stream mode enable
2021-03-26 08:31:11,456 INFO 745819 [egg-static] starting static serve /public/ -> /graphql-demo/apps/gateway/app/public
2021-03-26 08:31:11,458 INFO 745819 [egg-security] use methodnoallow middleware
2021-03-26 08:31:11,459 INFO 745819 [egg-security] use noopen middleware
2021-03-26 08:31:11,459 INFO 745819 [egg-security] use nosniff middleware
2021-03-26 08:31:11,460 INFO 745819 [egg-security] use xssProtection middleware
2021-03-26 08:31:11,460 INFO 745819 [egg-security] use xframe middleware
2021-03-26 08:31:11,460 INFO 745819 [egg-security] use dta middleware
2021-03-26 08:31:11,460 INFO 745819 [egg-security] compose 6 middlewares into one security middleware
2021-03-26 08:31:11,470 INFO 745819 [egg:core] dump config after load, 5ms
2021-03-26 08:31:11,520 INFO 745819 [egg-watcher:application] watcher start success
2021-03-26 08:31:11,528 INFO 745819 [egg:core] dump config after ready, 6ms
2021-03-26 08:37:57,193 INFO 745918 [egg:logger] init all loggers with options: {"dir":"/graphql-demo/apps/gateway/logs/gateway","encoding":"utf8","env":"local","level":"INFO","consoleLevel":"INFO","disableConsoleAfterReady":false,"outputJSON":false,"buffer":true,"appLogName":"gateway-web.log","coreLogName":"egg-web.log","agentLogName":"egg-agent.log","errorLogName":"common-error.log","coreLogger":{"consoleLevel":"WARN"},"allowDebugAtProd":false,"type":"application"}
2021-03-26 08:37:57,233 INFO 745918 [egg-multipart] stream mode enable
2021-03-26 08:37:57,291 INFO 745918 [egg-static] starting static serve /public/ -> /graphql-demo/apps/gateway/app/public
2021-03-26 08:37:57,295 INFO 745918 [egg-security] use methodnoallow middleware
2021-03-26 08:37:57,295 INFO 745918 [egg-security] use noopen middleware
2021-03-26 08:37:57,296 INFO 745918 [egg-security] use nosniff middleware
2021-03-26 08:37:57,296 INFO 745918 [egg-security] use xssProtection middleware
2021-03-26 08:37:57,297 INFO 745918 [egg-security] use xframe middleware
2021-03-26 08:37:57,297 INFO 745918 [egg-security] use dta middleware
2021-03-26 08:37:57,298 INFO 745918 [egg-security] compose 6 middlewares into one security middleware
2021-03-26 08:37:57,307 INFO 745918 [egg:core] dump config after load, 4ms
2021-03-26 08:37:57,353 INFO 745918 [egg-watcher:application] watcher start success
2021-03-26 08:37:57,362 INFO 745918 [egg:core] dump config after ready, 7ms
2021-03-26 08:37:59,468 INFO 746014 [egg:logger] init all loggers with options: {"dir":"/graphql-demo/apps/gateway/logs/gateway","encoding":"utf8","env":"local","level":"INFO","consoleLevel":"INFO","disableConsoleAfterReady":false,"outputJSON":false,"buffer":true,"appLogName":"gateway-web.log","coreLogName":"egg-web.log","agentLogName":"egg-agent.log","errorLogName":"common-error.log","coreLogger":{"consoleLevel":"WARN"},"allowDebugAtProd":false,"type":"application"}
2021-03-26 08:37:59,507 INFO 746014 [egg-multipart] stream mode enable
2021-03-26 08:37:59,566 INFO 746014 [egg-static] starting static serve /public/ -> /graphql-demo/apps/gateway/app/public
2021-03-26 08:37:59,568 INFO 746014 [egg-security] use methodnoallow middleware
2021-03-26 08:37:59,569 INFO 746014 [egg-security] use noopen middleware
2021-03-26 08:37:59,570 INFO 746014 [egg-security] use nosniff middleware
2021-03-26 08:37:59,571 INFO 746014 [egg-security] use xssProtection middleware
2021-03-26 08:37:59,572 INFO 746014 [egg-security] use xframe middleware
2021-03-26 08:37:59,572 INFO 746014 [egg-security] use dta middleware
2021-03-26 08:37:59,572 INFO 746014 [egg-security] compose 6 middlewares into one security middleware
2021-03-26 08:37:59,585 INFO 746014 [egg:core] dump config after load, 6ms
2021-03-26 08:37:59,625 INFO 746014 [egg-watcher:application] watcher start success
2021-03-26 08:37:59,634 INFO 746014 [egg:core] dump config after ready, 7ms
2021-03-26 08:38:41,128 INFO 746471 [egg:logger] init all loggers with options: {"dir":"/graphql-demo/apps/gateway/logs/gateway","encoding":"utf8","env":"local","level":"INFO","consoleLevel":"INFO","disableConsoleAfterReady":false,"outputJSON":false,"buffer":true,"appLogName":"gateway-web.log","coreLogName":"egg-web.log","agentLogName":"egg-agent.log","errorLogName":"common-error.log","coreLogger":{"consoleLevel":"WARN"},"allowDebugAtProd":false,"type":"application"}
2021-03-26 08:38:41,166 INFO 746471 [egg-multipart] stream mode enable
2021-03-26 08:38:41,255 INFO 746471 [egg-static] starting static serve /public/ -> /graphql-demo/apps/gateway/app/public
2021-03-26 08:38:41,257 INFO 746471 [egg-security] use methodnoallow middleware
2021-03-26 08:38:41,258 INFO 746471 [egg-security] use noopen middleware
2021-03-26 08:38:41,258 INFO 746471 [egg-security] use nosniff middleware
2021-03-26 08:38:41,259 INFO 746471 [egg-security] use xssProtection middleware
2021-03-26 08:38:41,259 INFO 746471 [egg-security] use xframe middleware
2021-03-26 08:38:41,259 INFO 746471 [egg-security] use dta middleware
2021-03-26 08:38:41,259 INFO 746471 [egg-security] compose 6 middlewares into one security middleware
2021-03-26 08:38:41,269 INFO 746471 [egg:core] dump config after load, 5ms
2021-03-26 08:38:41,322 INFO 746471 [egg-watcher:application] watcher start success
2021-03-26 08:38:41,331 INFO 746471 [egg:core] dump config after ready, 7ms
2021-03-26 08:43:53,769 INFO 746826 [egg:logger] init all loggers with options: {"dir":"/graphql-demo/apps/gateway/logs/gateway","encoding":"utf8","env":"local","level":"INFO","consoleLevel":"INFO","disableConsoleAfterReady":false,"outputJSON":false,"buffer":true,"appLogName":"gateway-web.log","coreLogName":"egg-web.log","agentLogName":"egg-agent.log","errorLogName":"common-error.log","coreLogger":{"consoleLevel":"WARN"},"allowDebugAtProd":false,"type":"application"}
2021-03-26 08:43:53,800 INFO 746826 [egg-multipart] stream mode enable
2021-03-26 08:43:53,909 INFO 746826 [egg-static] starting static serve /public/ -> /graphql-demo/apps/gateway/app/public
2021-03-26 08:43:53,912 INFO 746826 [egg-security] use methodnoallow middleware
2021-03-26 08:43:53,923 INFO 746826 [egg-security] use noopen middleware
2021-03-26 08:43:53,924 INFO 746826 [egg-security] use nosniff middleware
2021-03-26 08:43:53,925 INFO 746826 [egg-security] use xssProtection middleware
2021-03-26 08:43:53,926 INFO 746826 [egg-security] use xframe middleware
2021-03-26 08:43:53,927 INFO 746826 [egg-security] use dta middleware
2021-03-26 08:43:53,927 INFO 746826 [egg-security] compose 6 middlewares into one security middleware
2021-03-26 08:43:53,936 INFO 746826 [egg:core] dump config after load, 4ms
2021-03-26 08:43:54,000 INFO 746826 [egg-watcher:application] watcher start success
2021-03-26 08:43:54,007 INFO 746826 [egg:core] dump config after ready, 5ms
2021-03-26 08:45:10,634 INFO 747037 [egg:logger] init all loggers with options: {"dir":"/graphql-demo/apps/gateway/logs/gateway","encoding":"utf8","env":"local","level":"INFO","consoleLevel":"INFO","disableConsoleAfterReady":false,"outputJSON":false,"buffer":true,"appLogName":"gateway-web.log","coreLogName":"egg-web.log","agentLogName":"egg-agent.log","errorLogName":"common-error.log","coreLogger":{"consoleLevel":"WARN"},"allowDebugAtProd":false,"type":"application"}
2021-03-26 08:45:10,671 INFO 747037 [egg-multipart] stream mode enable
2021-03-26 08:45:10,781 INFO 747037 [egg-static] starting static serve /public/ -> /graphql-demo/apps/gateway/app/public
2021-03-26 08:45:10,784 INFO 747037 [egg-security] use methodnoallow middleware
2021-03-26 08:45:10,785 INFO 747037 [egg-security] use noopen middleware
2021-03-26 08:45:10,786 INFO 747037 [egg-security] use nosniff middleware
2021-03-26 08:45:10,786 INFO 747037 [egg-security] use xssProtection middleware
2021-03-26 08:45:10,787 INFO 747037 [egg-security] use xframe middleware
2021-03-26 08:45:10,790 INFO 747037 [egg-security] use dta middleware
2021-03-26 08:45:10,790 INFO 747037 [egg-security] compose 6 middlewares into one security middleware
2021-03-26 08:45:10,803 INFO 747037 [egg:core] dump config after load, 7ms
2021-03-26 08:45:10,869 INFO 747037 [egg-watcher:application] watcher start success
2021-03-26 08:45:10,879 INFO 747037 [egg:core] dump config after ready, 8ms
2021-03-26 08:47:24,522 INFO 747154 [egg:logger] init all loggers with options: {"dir":"/graphql-demo/apps/gateway/logs/gateway","encoding":"utf8","env":"local","level":"INFO","consoleLevel":"INFO","disableConsoleAfterReady":false,"outputJSON":false,"buffer":true,"appLogName":"gateway-web.log","coreLogName":"egg-web.log","agentLogName":"egg-agent.log","errorLogName":"common-error.log","coreLogger":{"consoleLevel":"WARN"},"allowDebugAtProd":false,"type":"application"}
2021-03-26 08:47:24,570 INFO 747154 [egg-multipart] stream mode enable
2021-03-26 08:47:24,637 INFO 747154 [egg-static] starting static serve /public/ -> /graphql-demo/apps/gateway/app/public
2021-03-26 08:47:24,640 INFO 747154 [egg-security] use methodnoallow middleware
2021-03-26 08:47:24,640 INFO 747154 [egg-security] use noopen middleware
2021-03-26 08:47:24,641 INFO 747154 [egg-security] use nosniff middleware
2021-03-26 08:47:24,641 INFO 747154 [egg-security] use xssProtection middleware
2021-03-26 08:47:24,642 INFO 747154 [egg-security] use xframe middleware
2021-03-26 08:47:24,642 INFO 747154 [egg-security] use dta middleware
2021-03-26 08:47:24,642 INFO 747154 [egg-security] compose 6 middlewares into one security middleware
2021-03-26 08:47:24,652 INFO 747154 [egg:core] dump config after load, 4ms
2021-03-26 08:47:24,696 INFO 747154 [egg-watcher:application] watcher start success
2021-03-26 08:47:24,706 INFO 747154 [egg:core] dump config after ready, 8ms
2021-03-26 08:54:08,763 INFO 747397 [egg:logger] init all loggers with options: {"dir":"/graphql-demo/apps/gateway/logs/gateway","encoding":"utf8","env":"local","level":"INFO","consoleLevel":"INFO","disableConsoleAfterReady":false,"outputJSON":false,"buffer":true,"appLogName":"gateway-web.log","coreLogName":"egg-web.log","agentLogName":"egg-agent.log","errorLogName":"common-error.log","coreLogger":{"consoleLevel":"WARN"},"allowDebugAtProd":false,"type":"application"}
2021-03-26 08:54:08,827 INFO 747397 [egg-multipart] stream mode enable
2021-03-26 08:54:08,950 INFO 747397 [egg-static] starting static serve /public/ -> /graphql-demo/apps/gateway/app/public
2021-03-26 08:54:08,952 INFO 747397 [egg-security] use methodnoallow middleware
2021-03-26 08:54:08,953 INFO 747397 [egg-security] use noopen middleware
2021-03-26 08:54:08,954 INFO 747397 [egg-security] use nosniff middleware
2021-03-26 08:54:08,954 INFO 747397 [egg-security] use xssProtection middleware
2021-03-26 08:54:08,955 INFO 747397 [egg-security] use xframe middleware
2021-03-26 08:54:08,956 INFO 747397 [egg-security] use dta middleware
2021-03-26 08:54:08,956 INFO 747397 [egg-security] compose 6 middlewares into one security middleware
2021-03-26 08:54:08,987 INFO 747397 [egg:core] dump config after load, 5ms
2021-03-26 08:54:09,056 INFO 747397 [egg-watcher:application] watcher start success
2021-03-26 08:54:09,071 INFO 747397 [egg:core] dump config after ready, 12ms
2021-03-26 08:56:43,334 INFO 747879 [egg:logger] init all loggers with options: {"dir":"/graphql-demo/apps/gateway/logs/gateway","encoding":"utf8","env":"local","level":"INFO","consoleLevel":"INFO","disableConsoleAfterReady":false,"outputJSON":false,"buffer":true,"appLogName":"gateway-web.log","coreLogName":"egg-web.log","agentLogName":"egg-agent.log","errorLogName":"common-error.log","coreLogger":{"consoleLevel":"WARN"},"allowDebugAtProd":false,"type":"application"}
2021-03-26 08:56:43,378 INFO 747879 [egg-multipart] stream mode enable
2021-03-26 08:56:43,489 INFO 747879 [egg-static] starting static serve /public/ -> /graphql-demo/apps/gateway/app/public
2021-03-26 08:56:43,492 INFO 747879 [egg-security] use methodnoallow middleware
2021-03-26 08:56:43,493 INFO 747879 [egg-security] use noopen middleware
2021-03-26 08:56:43,494 INFO 747879 [egg-security] use nosniff middleware
2021-03-26 08:56:43,494 INFO 747879 [egg-security] use xssProtection middleware
2021-03-26 08:56:43,495 INFO 747879 [egg-security] use xframe middleware
2021-03-26 08:56:43,496 INFO 747879 [egg-security] use dta middleware
2021-03-26 08:56:43,496 INFO 747879 [egg-security] compose 6 middlewares into one security middleware
2021-03-26 08:56:49,297 INFO 747879 [egg:core] dump config after load, 21ms
2021-03-26 08:56:49,615 INFO 747879 [egg-watcher:application] watcher start success
2021-03-26 08:56:49,664 INFO 747879 [egg:core] dump config after ready, 46ms
2021-03-26 08:56:57,860 INFO 748000 [egg:logger] init all loggers with options: {"dir":"/graphql-demo/apps/gateway/logs/gateway","encoding":"utf8","env":"local","level":"INFO","consoleLevel":"INFO","disableConsoleAfterReady":false,"outputJSON":false,"buffer":true,"appLogName":"gateway-web.log","coreLogName":"egg-web.log","agentLogName":"egg-agent.log","errorLogName":"common-error.log","coreLogger":{"consoleLevel":"WARN"},"allowDebugAtProd":false,"type":"application"}
2021-03-26 08:56:57,897 INFO 748000 [egg-multipart] stream mode enable
2021-03-26 08:56:57,954 INFO 748000 [egg-static] starting static serve /public/ -> /graphql-demo/apps/gateway/app/public
2021-03-26 08:56:57,958 INFO 748000 [egg-security] use methodnoallow middleware
2021-03-26 08:56:57,958 INFO 748000 [egg-security] use noopen middleware
2021-03-26 08:56:57,959 INFO 748000 [egg-security] use nosniff middleware
2021-03-26 08:56:57,960 INFO 748000 [egg-security] use xssProtection middleware
2021-03-26 08:56:57,960 INFO 748000 [egg-security] use xframe middleware
2021-03-26 08:56:57,961 INFO 748000 [egg-security] use dta middleware
2021-03-26 08:56:57,961 INFO 748000 [egg-security] compose 6 middlewares into one security middleware
2021-03-26 08:57:01,678 INFO 748000 [egg:core] dump config after load, 5ms
2021-03-26 08:57:01,736 INFO 748000 [egg-watcher:application] watcher start success
2021-03-26 08:57:01,744 INFO 748000 [egg:core] dump config after ready, 6ms
2021-03-26 08:57:03,658 INFO 748057 [egg:logger] init all loggers with options: {"dir":"/graphql-demo/apps/gateway/logs/gateway","encoding":"utf8","env":"local","level":"INFO","consoleLevel":"INFO","disableConsoleAfterReady":false,"outputJSON":false,"buffer":true,"appLogName":"gateway-web.log","coreLogName":"egg-web.log","agentLogName":"egg-agent.log","errorLogName":"common-error.log","coreLogger":{"consoleLevel":"WARN"},"allowDebugAtProd":false,"type":"application"}
2021-03-26 08:57:03,705 INFO 748057 [egg-multipart] stream mode enable
2021-03-26 08:57:03,800 INFO 748057 [egg-static] starting static serve /public/ -> /graphql-demo/apps/gateway/app/public
2021-03-26 08:57:03,804 INFO 748057 [egg-security] use methodnoallow middleware
2021-03-26 08:57:03,804 INFO 748057 [egg-security] use noopen middleware
2021-03-26 08:57:03,805 INFO 748057 [egg-security] use nosniff middleware
2021-03-26 08:57:03,805 INFO 748057 [egg-security] use xssProtection middleware
2021-03-26 08:57:03,806 INFO 748057 [egg-security] use xframe middleware
2021-03-26 08:57:03,806 INFO 748057 [egg-security] use dta middleware
2021-03-26 08:57:03,806 INFO 748057 [egg-security] compose 6 middlewares into one security middleware
2021-03-26 08:57:03,820 INFO 748057 [egg:core] dump config after load, 6ms
2021-03-26 08:57:03,893 INFO 748057 [egg-watcher:application] watcher start success
2021-03-26 08:57:03,919 INFO 748057 [egg:core] dump config after ready, 24ms
2021-03-26 08:59:34,582 INFO 748130 [egg:logger] init all loggers with options: {"dir":"/graphql-demo/apps/gateway/logs/gateway","encoding":"utf8","env":"local","level":"INFO","consoleLevel":"INFO","disableConsoleAfterReady":false,"outputJSON":false,"buffer":true,"appLogName":"gateway-web.log","coreLogName":"egg-web.log","agentLogName":"egg-agent.log","errorLogName":"common-error.log","coreLogger":{"consoleLevel":"WARN"},"allowDebugAtProd":false,"type":"application"}
2021-03-26 08:59:34,659 INFO 748130 [egg-multipart] stream mode enable
2021-03-26 08:59:34,839 INFO 748130 [egg-static] starting static serve /public/ -> /graphql-demo/apps/gateway/app/public
2021-03-26 08:59:34,842 INFO 748130 [egg-security] use methodnoallow middleware
2021-03-26 08:59:34,843 INFO 748130 [egg-security] use noopen middleware
2021-03-26 08:59:34,846 INFO 748130 [egg-security] use nosniff middleware
2021-03-26 08:59:34,847 INFO 748130 [egg-security] use xssProtection middleware
2021-03-26 08:59:34,848 INFO 748130 [egg-security] use xframe middleware
2021-03-26 08:59:34,849 INFO 748130 [egg-security] use dta middleware
2021-03-26 08:59:34,849 INFO 748130 [egg-security] compose 6 middlewares into one security middleware
2021-03-26 08:59:40,199 INFO 748130 [egg:core] dump config after load, 7ms
2021-03-26 08:59:40,283 INFO 748130 [egg-watcher:application] watcher start success
2021-03-26 08:59:40,295 INFO 748130 [egg:core] dump config after ready, 9ms
2021-03-26 15:22:19,255 INFO 754827 [egg:logger] init all loggers with options: {"dir":"/graphql-demo/apps/gateway/logs/gateway","encoding":"utf8","env":"local","level":"INFO","consoleLevel":"INFO","disableConsoleAfterReady":false,"outputJSON":false,"buffer":true,"appLogName":"gateway-web.log","coreLogName":"egg-web.log","agentLogName":"egg-agent.log","errorLogName":"common-error.log","coreLogger":{"consoleLevel":"WARN"},"allowDebugAtProd":false,"type":"application"}
2021-03-26 15:22:19,295 INFO 754827 [egg-multipart] stream mode enable
2021-03-26 15:22:19,409 INFO 754827 [egg-static] starting static serve /public/ -> /graphql-demo/apps/gateway/app/public
2021-03-26 15:22:19,412 INFO 754827 [egg-security] use methodnoallow middleware
2021-03-26 15:22:19,413 INFO 754827 [egg-security] use noopen middleware
2021-03-26 15:22:19,414 INFO 754827 [egg-security] use nosniff middleware
2021-03-26 15:22:19,415 INFO 754827 [egg-security] use xssProtection middleware
2021-03-26 15:22:19,416 INFO 754827 [egg-security] use xframe middleware
2021-03-26 15:22:19,416 INFO 754827 [egg-security] use dta middleware
2021-03-26 15:22:19,416 INFO 754827 [egg-security] compose 6 middlewares into one security middleware
2021-03-26 15:22:19,438 INFO 754827 [egg:core] dump config after load, 15ms
2021-03-26 15:22:19,589 INFO 754827 [egg-watcher:application] watcher start success
2021-03-26 15:22:19,617 INFO 754827 [egg:core] dump config after ready, 23ms
2021-03-26 15:29:10,142 INFO 755087 [egg:logger] init all loggers with options: {"dir":"/graphql-demo/apps/gateway/logs/gateway","encoding":"utf8","env":"local","level":"INFO","consoleLevel":"INFO","disableConsoleAfterReady":false,"outputJSON":false,"buffer":true,"appLogName":"gateway-web.log","coreLogName":"egg-web.log","agentLogName":"egg-agent.log","errorLogName":"common-error.log","coreLogger":{"consoleLevel":"WARN"},"allowDebugAtProd":false,"type":"application"}
2021-03-26 15:29:10,191 INFO 755087 [egg-multipart] stream mode enable
2021-03-26 15:29:10,251 INFO 755087 [egg-static] starting static serve /public/ -> /graphql-demo/apps/gateway/app/public
2021-03-26 15:29:10,253 INFO 755087 [egg-security] use methodnoallow middleware
2021-03-26 15:29:10,254 INFO 755087 [egg-security] use noopen middleware
2021-03-26 15:29:10,254 INFO 755087 [egg-security] use nosniff middleware
2021-03-26 15:29:10,254 INFO 755087 [egg-security] use xssProtection middleware
2021-03-26 15:29:10,255 INFO 755087 [egg-security] use xframe middleware
2021-03-26 15:29:10,255 INFO 755087 [egg-security] use dta middleware
2021-03-26 15:29:10,255 INFO 755087 [egg-security] compose 6 middlewares into one security middleware
2021-03-26 15:29:10,264 INFO 755087 [egg:core] dump config after load, 4ms
2021-03-26 15:29:10,330 INFO 755087 [egg-watcher:application] watcher start success
2021-03-26 15:29:10,351 INFO 755087 [egg:core] dump config after ready, 16ms
2021-03-26 15:30:12,205 INFO 755246 [egg:logger] init all loggers with options: {"dir":"/graphql-demo/apps/gateway/logs/gateway","encoding":"utf8","env":"local","level":"INFO","consoleLevel":"INFO","disableConsoleAfterReady":false,"outputJSON":false,"buffer":true,"appLogName":"gateway-web.log","coreLogName":"egg-web.log","agentLogName":"egg-agent.log","errorLogName":"common-error.log","coreLogger":{"consoleLevel":"WARN"},"allowDebugAtProd":false,"type":"application"}
2021-03-26 15:30:12,235 INFO 755246 [egg-multipart] stream mode enable
2021-03-26 15:30:12,283 INFO 755246 [egg-static] starting static serve /public/ -> /graphql-demo/apps/gateway/app/public
2021-03-26 15:30:12,285 INFO 755246 [egg-security] use methodnoallow middleware
2021-03-26 15:30:12,286 INFO 755246 [egg-security] use noopen middleware
2021-03-26 15:30:12,286 INFO 755246 [egg-security] use nosniff middleware
2021-03-26 15:30:12,286 INFO 755246 [egg-security] use xssProtection middleware
2021-03-26 15:30:12,287 INFO 755246 [egg-security] use xframe middleware
2021-03-26 15:30:12,287 INFO 755246 [egg-security] use dta middleware
2021-03-26 15:30:12,287 INFO 755246 [egg-security] compose 6 middlewares into one security middleware
2021-03-26 15:30:12,296 INFO 755246 [egg:core] dump config after load, 4ms
2021-03-26 15:30:12,373 INFO 755246 [egg-watcher:application] watcher start success
2021-03-26 15:30:12,387 INFO 755246 [egg:core] dump config after ready, 9ms
2021-03-26 15:31:00,021 INFO 755389 [egg:logger] init all loggers with options: {"dir":"/graphql-demo/apps/gateway/logs/gateway","encoding":"utf8","env":"local","level":"INFO","consoleLevel":"INFO","disableConsoleAfterReady":false,"outputJSON":false,"buffer":true,"appLogName":"gateway-web.log","coreLogName":"egg-web.log","agentLogName":"egg-agent.log","errorLogName":"common-error.log","coreLogger":{"consoleLevel":"WARN"},"allowDebugAtProd":false,"type":"application"}
2021-03-26 15:31:00,050 INFO 755389 [egg-multipart] stream mode enable
2021-03-26 15:31:00,110 INFO 755389 [egg-static] starting static serve /public/ -> /graphql-demo/apps/gateway/app/public
2021-03-26 15:31:00,112 INFO 755389 [egg-security] use methodnoallow middleware
2021-03-26 15:31:00,112 INFO 755389 [egg-security] use noopen middleware
2021-03-26 15:31:00,112 INFO 755389 [egg-security] use nosniff middleware
2021-03-26 15:31:00,113 INFO 755389 [egg-security] use xssProtection middleware
2021-03-26 15:31:00,113 INFO 755389 [egg-security] use xframe middleware
2021-03-26 15:31:00,113 INFO 755389 [egg-security] use dta middleware
2021-03-26 15:31:00,113 INFO 755389 [egg-security] compose 6 middlewares into one security middleware
2021-03-26 15:31:00,123 INFO 755389 [egg:core] dump config after load, 3ms
2021-03-26 15:31:00,168 INFO 755389 [egg-watcher:application] watcher start success
2021-03-26 15:31:00,193 INFO 755389 [egg:core] dump config after ready, 8ms
2021-03-26 15:33:47,758 INFO 755663 [egg:logger] init all loggers with options: {"dir":"/graphql-demo/apps/gateway/logs/gateway","encoding":"utf8","env":"local","level":"INFO","consoleLevel":"INFO","disableConsoleAfterReady":false,"outputJSON":false,"buffer":true,"appLogName":"gateway-web.log","coreLogName":"egg-web.log","agentLogName":"egg-agent.log","errorLogName":"common-error.log","coreLogger":{"consoleLevel":"WARN"},"allowDebugAtProd":false,"type":"application"}
2021-03-26 15:33:47,798 INFO 755663 [egg-multipart] stream mode enable
2021-03-26 15:33:47,875 INFO 755663 [egg-static] starting static serve /public/ -> /graphql-demo/apps/gateway/app/public
2021-03-26 15:33:47,877 INFO 755663 [egg-security] use methodnoallow middleware
2021-03-26 15:33:47,878 INFO 755663 [egg-security] use noopen middleware
2021-03-26 15:33:47,878 INFO 755663 [egg-security] use nosniff middleware
2021-03-26 15:33:47,878 INFO 755663 [egg-security] use xssProtection middleware
2021-03-26 15:33:47,879 INFO 755663 [egg-security] use xframe middleware
2021-03-26 15:33:47,879 INFO 755663 [egg-security] use dta middleware
2021-03-26 15:33:47,879 INFO 755663 [egg-security] compose 6 middlewares into one security middleware
2021-03-26 15:33:47,888 INFO 755663 [egg:core] dump config after load, 4ms
2021-03-26 15:33:47,902 INFO 755663 [egg-watcher:application] watcher start success
2021-03-26 15:33:47,960 INFO 755663 [egg:core] dump config after ready, 8ms
2021-03-26 15:34:56,736 INFO 756108 [egg:logger] init all loggers with options: {"dir":"/graphql-demo/apps/gateway/logs/gateway","encoding":"utf8","env":"local","level":"INFO","consoleLevel":"INFO","disableConsoleAfterReady":false,"outputJSON":false,"buffer":true,"appLogName":"gateway-web.log","coreLogName":"egg-web.log","agentLogName":"egg-agent.log","errorLogName":"common-error.log","coreLogger":{"consoleLevel":"WARN"},"allowDebugAtProd":false,"type":"application"}
2021-03-26 15:34:56,765 INFO 756108 [egg-multipart] stream mode enable
2021-03-26 15:34:56,826 INFO 756108 [egg-static] starting static serve /public/ -> /graphql-demo/apps/gateway/app/public
2021-03-26 15:34:56,828 INFO 756108 [egg-security] use methodnoallow middleware
2021-03-26 15:34:56,829 INFO 756108 [egg-security] use noopen middleware
2021-03-26 15:34:56,829 INFO 756108 [egg-security] use nosniff middleware
2021-03-26 15:34:56,830 INFO 756108 [egg-security] use xssProtection middleware
2021-03-26 15:34:56,830 INFO 756108 [egg-security] use xframe middleware
2021-03-26 15:34:56,831 INFO 756108 [egg-security] use dta middleware
2021-03-26 15:34:56,831 INFO 756108 [egg-security] compose 6 middlewares into one security middleware
2021-03-26 15:35:00,392 INFO 756108 [egg:core] dump config after load, 6ms
2021-03-26 15:35:00,429 INFO 756108 [egg-watcher:application] watcher start success
2021-03-26 15:35:00,489 INFO 756108 [egg:core] dump config after ready, 6ms
2021-03-26 15:39:10,156 INFO 756718 [egg:logger] init all loggers with options: {"dir":"/graphql-demo/apps/gateway/logs/gateway","encoding":"utf8","env":"local","level":"INFO","consoleLevel":"INFO","disableConsoleAfterReady":false,"outputJSON":false,"buffer":true,"appLogName":"gateway-web.log","coreLogName":"egg-web.log","agentLogName":"egg-agent.log","errorLogName":"common-error.log","coreLogger":{"consoleLevel":"WARN"},"allowDebugAtProd":false,"type":"application"}
2021-03-26 15:39:10,185 INFO 756718 [egg-multipart] stream mode enable
2021-03-26 15:39:10,252 INFO 756718 [egg-static] starting static serve /public/ -> /graphql-demo/apps/gateway/app/public
2021-03-26 15:39:10,256 INFO 756718 [egg-security] use methodnoallow middleware
2021-03-26 15:39:10,257 INFO 756718 [egg-security] use noopen middleware
2021-03-26 15:39:10,257 INFO 756718 [egg-security] use nosniff middleware
2021-03-26 15:39:10,258 INFO 756718 [egg-security] use xssProtection middleware
2021-03-26 15:39:10,258 INFO 756718 [egg-security] use xframe middleware
2021-03-26 15:39:10,259 INFO 756718 [egg-security] use dta middleware
2021-03-26 15:39:10,259 INFO 756718 [egg-security] compose 6 middlewares into one security middleware
2021-03-26 15:39:10,270 INFO 756718 [egg:core] dump config after load, 5ms
2021-03-26 15:39:10,285 INFO 756718 [egg-watcher:application] watcher start success
2021-03-26 15:39:10,337 INFO 756718 [egg:core] dump config after ready, 6ms
2021-03-26 15:48:40,688 INFO 757068 [egg:logger] init all loggers with options: {"dir":"/graphql-demo/apps/gateway/logs/gateway","encoding":"utf8","env":"local","level":"INFO","consoleLevel":"INFO","disableConsoleAfterReady":false,"outputJSON":false,"buffer":true,"appLogName":"gateway-web.log","coreLogName":"egg-web.log","agentLogName":"egg-agent.log","errorLogName":"common-error.log","coreLogger":{"consoleLevel":"WARN"},"allowDebugAtProd":false,"type":"application"}
2021-03-26 15:48:40,722 INFO 757068 [egg-multipart] stream mode enable
2021-03-26 15:48:40,770 INFO 757068 [egg-static] starting static serve /public/ -> /graphql-demo/apps/gateway/app/public
2021-03-26 15:48:40,772 INFO 757068 [egg-security] use methodnoallow middleware
2021-03-26 15:48:40,773 INFO 757068 [egg-security] use noopen middleware
2021-03-26 15:48:40,773 INFO 757068 [egg-security] use nosniff middleware
2021-03-26 15:48:40,773 INFO 757068 [egg-security] use xssProtection middleware
2021-03-26 15:48:40,774 INFO 757068 [egg-security] use xframe middleware
2021-03-26 15:48:40,774 INFO 757068 [egg-security] use dta middleware
2021-03-26 15:48:40,774 INFO 757068 [egg-security] compose 6 middlewares into one security middleware
2021-03-26 15:48:40,783 INFO 757068 [egg:core] dump config after load, 3ms
2021-03-26 15:48:40,794 INFO 757068 [egg-watcher:application] watcher start success
2021-03-26 15:48:40,842 INFO 757068 [egg:core] dump config after ready, 7ms
2021-03-26 15:57:49,058 INFO 757429 [egg:logger] init all loggers with options: {"dir":"/graphql-demo/apps/gateway/logs/gateway","encoding":"utf8","env":"local","level":"INFO","consoleLevel":"INFO","disableConsoleAfterReady":false,"outputJSON":false,"buffer":true,"appLogName":"gateway-web.log","coreLogName":"egg-web.log","agentLogName":"egg-agent.log","errorLogName":"common-error.log","coreLogger":{"consoleLevel":"WARN"},"allowDebugAtProd":false,"type":"application"}
2021-03-26 15:57:49,100 INFO 757429 [egg-multipart] stream mode enable
2021-03-26 15:57:49,188 INFO 757429 [egg-static] starting static serve /public/ -> /graphql-demo/apps/gateway/app/public
2021-03-26 15:57:49,191 INFO 757429 [egg-security] use methodnoallow middleware
2021-03-26 15:57:49,191 INFO 757429 [egg-security] use noopen middleware
2021-03-26 15:57:49,192 INFO 757429 [egg-security] use nosniff middleware
2021-03-26 15:57:49,192 INFO 757429 [egg-security] use xssProtection middleware
2021-03-26 15:57:49,192 INFO 757429 [egg-security] use xframe middleware
2021-03-26 15:57:49,193 INFO 757429 [egg-security] use dta middleware
2021-03-26 15:57:49,193 INFO 757429 [egg-security] compose 6 middlewares into one security middleware
2021-03-26 15:57:53,935 INFO 757429 [egg:core] dump config after load, 4ms
2021-03-26 15:57:53,961 INFO 757429 [egg-watcher:application] watcher start success
2021-03-26 15:57:54,015 INFO 757429 [egg:core] dump config after ready, 7ms
2021-03-26 15:58:35,291 INFO 757549 [egg:logger] init all loggers with options: {"dir":"/graphql-demo/apps/gateway/logs/gateway","encoding":"utf8","env":"local","level":"INFO","consoleLevel":"INFO","disableConsoleAfterReady":false,"outputJSON":false,"buffer":true,"appLogName":"gateway-web.log","coreLogName":"egg-web.log","agentLogName":"egg-agent.log","errorLogName":"common-error.log","coreLogger":{"consoleLevel":"WARN"},"allowDebugAtProd":false,"type":"application"}
2021-03-26 15:58:35,349 INFO 757549 [egg-multipart] stream mode enable
2021-03-26 15:58:35,436 INFO 757549 [egg-static] starting static serve /public/ -> /graphql-demo/apps/gateway/app/public
2021-03-26 15:58:35,440 INFO 757549 [egg-security] use methodnoallow middleware
2021-03-26 15:58:35,440 INFO 757549 [egg-security] use noopen middleware
2021-03-26 15:58:35,441 INFO 757549 [egg-security] use nosniff middleware
2021-03-26 15:58:35,441 INFO 757549 [egg-security] use xssProtection middleware
2021-03-26 15:58:35,441 INFO 757549 [egg-security] use xframe middleware
2021-03-26 15:58:35,442 INFO 757549 [egg-security] use dta middleware
2021-03-26 15:58:35,442 INFO 757549 [egg-security] compose 6 middlewares into one security middleware
2021-03-26 15:58:39,608 INFO 757549 [egg:core] dump config after load, 4ms
2021-03-26 15:58:39,620 INFO 757549 [egg-watcher:application] watcher start success
2021-03-26 15:58:39,672 INFO 757549 [egg:core] dump config after ready, 5ms
2021-03-27 04:34:24,095 INFO 763441 [egg:logger] init all loggers with options: {"dir":"/graphql-demo/apps/gateway/logs/gateway","encoding":"utf8","env":"local","level":"INFO","consoleLevel":"INFO","disableConsoleAfterReady":false,"outputJSON":false,"buffer":true,"appLogName":"gateway-web.log","coreLogName":"egg-web.log","agentLogName":"egg-agent.log","errorLogName":"common-error.log","coreLogger":{"consoleLevel":"WARN"},"allowDebugAtProd":false,"type":"application"}
2021-03-27 04:34:24,128 INFO 763441 [egg-multipart] stream mode enable
2021-03-27 04:34:24,284 INFO 763441 [egg-static] starting static serve /public/ -> /graphql-demo/apps/gateway/app/public
2021-03-27 04:34:24,288 INFO 763441 [egg-security] use methodnoallow middleware
2021-03-27 04:34:24,290 INFO 763441 [egg-security] use noopen middleware
2021-03-27 04:34:24,291 INFO 763441 [egg-security] use nosniff middleware
2021-03-27 04:34:24,292 INFO 763441 [egg-security] use xssProtection middleware
2021-03-27 04:34:24,293 INFO 763441 [egg-security] use xframe middleware
2021-03-27 04:34:24,294 INFO 763441 [egg-security] use dta middleware
2021-03-27 04:34:24,294 INFO 763441 [egg-security] compose 6 middlewares into one security middleware
2021-03-27 04:34:24,306 INFO 763441 [egg:core] dump config after load, 5ms
2021-03-27 04:34:24,322 INFO 763441 [egg-watcher:application] watcher start success
2021-03-27 04:34:24,470 INFO 763441 [egg:core] dump config after ready, 21ms
2021-03-27 04:37:35,675 INFO 763941 [egg:logger] init all loggers with options: {"dir":"/graphql-demo/apps/gateway/logs/gateway","encoding":"utf8","env":"local","level":"INFO","consoleLevel":"INFO","disableConsoleAfterReady":false,"outputJSON":false,"buffer":true,"appLogName":"gateway-web.log","coreLogName":"egg-web.log","agentLogName":"egg-agent.log","errorLogName":"common-error.log","coreLogger":{"consoleLevel":"WARN"},"allowDebugAtProd":false,"type":"application"}
2021-03-27 04:37:35,751 INFO 763941 [egg-multipart] stream mode enable
2021-03-27 04:37:36,049 INFO 763941 [egg-static] starting static serve /public/ -> /graphql-demo/apps/gateway/app/public
2021-03-27 04:37:36,064 INFO 763941 [egg-security] use methodnoallow middleware
2021-03-27 04:37:36,066 INFO 763941 [egg-security] use noopen middleware
2021-03-27 04:37:36,071 INFO 763941 [egg-security] use nosniff middleware
2021-03-27 04:37:36,077 INFO 763941 [egg-security] use xssProtection middleware
2021-03-27 04:37:36,081 INFO 763941 [egg-security] use xframe middleware
2021-03-27 04:37:36,082 INFO 763941 [egg-security] use dta middleware
2021-03-27 04:37:36,082 INFO 763941 [egg-security] compose 6 middlewares into one security middleware
2021-03-27 04:37:36,109 INFO 763941 [egg:core] dump config after load, 12ms
2021-03-27 04:37:36,319 INFO 763941 [egg-watcher:application] watcher start success
2021-03-27 04:37:36,728 INFO 763941 [egg:core] dump config after ready, 26ms
2021-03-27 05:03:38,711 INFO 764292 [egg:logger] init all loggers with options: {"dir":"/graphql-demo/apps/gateway/logs/gateway","encoding":"utf8","env":"local","level":"INFO","consoleLevel":"INFO","disableConsoleAfterReady":false,"outputJSON":false,"buffer":true,"appLogName":"gateway-web.log","coreLogName":"egg-web.log","agentLogName":"egg-agent.log","errorLogName":"common-error.log","coreLogger":{"consoleLevel":"WARN"},"allowDebugAtProd":false,"type":"application"}
2021-03-27 05:03:38,741 INFO 764292 [egg-multipart] stream mode enable
2021-03-27 05:03:38,855 INFO 764292 [egg-static] starting static serve /public/ -> /graphql-demo/apps/gateway/app/public
2021-03-27 05:03:38,857 INFO 764292 [egg-security] use methodnoallow middleware
2021-03-27 05:03:38,857 INFO 764292 [egg-security] use noopen middleware
2021-03-27 05:03:38,857 INFO 764292 [egg-security] use nosniff middleware
2021-03-27 05:03:38,858 INFO 764292 [egg-security] use xssProtection middleware
2021-03-27 05:03:38,858 INFO 764292 [egg-security] use xframe middleware
2021-03-27 05:03:38,858 INFO 764292 [egg-security] use dta middleware
2021-03-27 05:03:38,858 INFO 764292 [egg-security] compose 6 middlewares into one security middleware
2021-03-27 05:03:38,867 INFO 764292 [egg:core] dump config after load, 4ms
2021-03-27 05:03:38,878 INFO 764292 [egg-watcher:application] watcher start success
2021-03-27 05:03:38,927 INFO 764292 [egg:core] dump config after ready, 7ms
2021-03-27 08:28:03,326 INFO 778604 [egg:logger] init all loggers with options: {"dir":"/graphql-demo/apps/gateway/logs/gateway","encoding":"utf8","env":"local","level":"INFO","consoleLevel":"INFO","disableConsoleAfterReady":false,"outputJSON":false,"buffer":true,"appLogName":"gateway-web.log","coreLogName":"egg-web.log","agentLogName":"egg-agent.log","errorLogName":"common-error.log","coreLogger":{"consoleLevel":"WARN"},"allowDebugAtProd":false,"type":"application"}
2021-03-27 08:28:03,371 INFO 778604 [egg-multipart] stream mode enable
2021-03-27 08:28:03,678 INFO 778604 [egg-static] starting static serve /public/ -> /graphql-demo/apps/gateway/app/public
2021-03-27 08:28:03,682 INFO 778604 [egg-security] use methodnoallow middleware
2021-03-27 08:28:03,682 INFO 778604 [egg-security] use noopen middleware
2021-03-27 08:28:03,683 INFO 778604 [egg-security] use nosniff middleware
2021-03-27 08:28:03,684 INFO 778604 [egg-security] use xssProtection middleware
2021-03-27 08:28:03,686 INFO 778604 [egg-security] use xframe middleware
2021-03-27 08:28:03,687 INFO 778604 [egg-security] use dta middleware
2021-03-27 08:28:03,687 INFO 778604 [egg-security] compose 6 middlewares into one security middleware
2021-03-27 08:28:03,708 INFO 778604 [egg:core] dump config after load, 8ms
2021-03-27 08:28:03,749 INFO 778604 [egg-watcher:application] watcher start success
2021-03-27 08:28:03,858 INFO 778604 [egg:core] dump config after ready, 10ms
2021-03-27 08:30:41,080 INFO 778757 [egg:logger] init all loggers with options: {"dir":"/graphql-demo/apps/gateway/logs/gateway","encoding":"utf8","env":"local","level":"INFO","consoleLevel":"INFO","disableConsoleAfterReady":false,"outputJSON":false,"buffer":true,"appLogName":"gateway-web.log","coreLogName":"egg-web.log","agentLogName":"egg-agent.log","errorLogName":"common-error.log","coreLogger":{"consoleLevel":"WARN"},"allowDebugAtProd":false,"type":"application"}
2021-03-27 08:30:41,123 INFO 778757 [egg-multipart] stream mode enable
2021-03-27 08:30:41,302 INFO 778757 [egg-static] starting static serve /public/ -> /graphql-demo/apps/gateway/app/public
2021-03-27 08:30:41,305 INFO 778757 [egg-security] use methodnoallow middleware
2021-03-27 08:30:41,305 INFO 778757 [egg-security] use noopen middleware
2021-03-27 08:30:41,306 INFO 778757 [egg-security] use nosniff middleware
2021-03-27 08:30:41,306 INFO 778757 [egg-security] use xssProtection middleware
2021-03-27 08:30:41,307 INFO 778757 [egg-security] use xframe middleware
2021-03-27 08:30:41,307 INFO 778757 [egg-security] use dta middleware
2021-03-27 08:30:41,307 INFO 778757 [egg-security] compose 6 middlewares into one security middleware
2021-03-27 08:30:41,378 INFO 778757 [egg:core] dump config after load, 6ms
2021-03-27 08:30:41,401 INFO 778757 [egg-watcher:application] watcher start success
2021-03-27 08:30:41,459 INFO 778757 [egg:core] dump config after ready, 7ms
2021-03-27 08:31:08,739 INFO 779089 [egg:logger] init all loggers with options: {"dir":"/graphql-demo/apps/gateway/logs/gateway","encoding":"utf8","env":"local","level":"INFO","consoleLevel":"INFO","disableConsoleAfterReady":false,"outputJSON":false,"buffer":true,"appLogName":"gateway-web.log","coreLogName":"egg-web.log","agentLogName":"egg-agent.log","errorLogName":"common-error.log","coreLogger":{"consoleLevel":"WARN"},"allowDebugAtProd":false,"type":"application"}
2021-03-27 08:31:08,836 INFO 779089 [egg-multipart] stream mode enable
2021-03-27 08:31:09,239 INFO 779089 [egg-static] starting static serve /public/ -> /graphql-demo/apps/gateway/app/public
2021-03-27 08:31:09,242 INFO 779089 [egg-security] use methodnoallow middleware
2021-03-27 08:31:09,242 INFO 779089 [egg-security] use noopen middleware
2021-03-27 08:31:09,243 INFO 779089 [egg-security] use nosniff middleware
2021-03-27 08:31:09,243 INFO 779089 [egg-security] use xssProtection middleware
2021-03-27 08:31:09,244 INFO 779089 [egg-security] use xframe middleware
2021-03-27 08:31:09,244 INFO 779089 [egg-security] use dta middleware
2021-03-27 08:31:09,244 INFO 779089 [egg-security] compose 6 middlewares into one security middleware
2021-03-27 08:31:09,265 INFO 779089 [egg:core] dump config after load, 9ms
2021-03-27 08:31:09,330 INFO 779089 [egg-watcher:application] watcher start success
2021-03-27 08:31:09,523 INFO 779089 [egg:core] dump config after ready, 9ms
2021-03-27 08:34:18,532 INFO 779569 [egg:logger] init all loggers with options: {"dir":"/graphql-demo/apps/gateway/logs/gateway","encoding":"utf8","env":"local","level":"INFO","consoleLevel":"INFO","disableConsoleAfterReady":false,"outputJSON":false,"buffer":true,"appLogName":"gateway-web.log","coreLogName":"egg-web.log","agentLogName":"egg-agent.log","errorLogName":"common-error.log","coreLogger":{"consoleLevel":"WARN"},"allowDebugAtProd":false,"type":"application"}
2021-03-27 08:34:18,574 INFO 779569 [egg-multipart] stream mode enable
2021-03-27 08:34:18,726 INFO 779569 [egg-static] starting static serve /public/ -> /graphql-demo/apps/gateway/app/public
2021-03-27 08:34:18,730 INFO 779569 [egg-security] use methodnoallow middleware
2021-03-27 08:34:18,731 INFO 779569 [egg-security] use noopen middleware
2021-03-27 08:34:18,731 INFO 779569 [egg-security] use nosniff middleware
2021-03-27 08:34:18,732 INFO 779569 [egg-security] use xssProtection middleware
2021-03-27 08:34:18,733 INFO 779569 [egg-security] use xframe middleware
2021-03-27 08:34:18,733 INFO 779569 [egg-security] use dta middleware
2021-03-27 08:34:18,733 INFO 779569 [egg-security] compose 6 middlewares into one security middleware
2021-03-27 08:34:18,747 INFO 779569 [egg:core] dump config after load, 7ms
2021-03-27 08:34:18,783 INFO 779569 [egg-watcher:application] watcher start success
2021-03-27 08:34:18,865 INFO 779569 [egg:core] dump config after ready, 19ms
2021-03-27 08:35:20,171 INFO 779905 [egg:logger] init all loggers with options: {"dir":"/graphql-demo/apps/gateway/logs/gateway","encoding":"utf8","env":"local","level":"INFO","consoleLevel":"INFO","disableConsoleAfterReady":false,"outputJSON":false,"buffer":true,"appLogName":"gateway-web.log","coreLogName":"egg-web.log","agentLogName":"egg-agent.log","errorLogName":"common-error.log","coreLogger":{"consoleLevel":"WARN"},"allowDebugAtProd":false,"type":"application"}
2021-03-27 08:35:20,221 INFO 779905 [egg-multipart] stream mode enable
2021-03-27 08:35:20,365 INFO 779905 [egg-static] starting static serve /public/ -> /graphql-demo/apps/gateway/app/public
2021-03-27 08:35:20,367 INFO 779905 [egg-security] use methodnoallow middleware
2021-03-27 08:35:20,367 INFO 779905 [egg-security] use noopen middleware
2021-03-27 08:35:20,368 INFO 779905 [egg-security] use nosniff middleware
2021-03-27 08:35:20,368 INFO 779905 [egg-security] use xssProtection middleware
2021-03-27 08:35:20,369 INFO 779905 [egg-security] use xframe middleware
2021-03-27 08:35:20,369 INFO 779905 [egg-security] use dta middleware
2021-03-27 08:35:20,369 INFO 779905 [egg-security] compose 6 middlewares into one security middleware
2021-03-27 08:35:20,386 INFO 779905 [egg:core] dump config after load, 10ms
2021-03-27 08:35:20,448 INFO 779905 [egg-watcher:application] watcher start success
2021-03-27 08:35:20,532 INFO 779905 [egg:core] dump config after ready, 9ms
2021-03-27 08:35:46,954 INFO 780091 [egg:logger] init all loggers with options: {"dir":"/graphql-demo/apps/gateway/logs/gateway","encoding":"utf8","env":"local","level":"INFO","consoleLevel":"INFO","disableConsoleAfterReady":false,"outputJSON":false,"buffer":true,"appLogName":"gateway-web.log","coreLogName":"egg-web.log","agentLogName":"egg-agent.log","errorLogName":"common-error.log","coreLogger":{"consoleLevel":"WARN"},"allowDebugAtProd":false,"type":"application"}
2021-03-27 08:35:47,032 INFO 780091 [egg-multipart] stream mode enable
2021-03-27 08:35:47,220 INFO 780091 [egg-static] starting static serve /public/ -> /graphql-demo/apps/gateway/app/public
2021-03-27 08:35:47,222 INFO 780091 [egg-security] use methodnoallow middleware
2021-03-27 08:35:47,223 INFO 780091 [egg-security] use noopen middleware
2021-03-27 08:35:47,223 INFO 780091 [egg-security] use nosniff middleware
2021-03-27 08:35:47,224 INFO 780091 [egg-security] use xssProtection middleware
2021-03-27 08:35:47,224 INFO 780091 [egg-security] use xframe middleware
2021-03-27 08:35:47,225 INFO 780091 [egg-security] use dta middleware
2021-03-27 08:35:47,225 INFO 780091 [egg-security] compose 6 middlewares into one security middleware
2021-03-27 08:35:47,239 INFO 780091 [egg:core] dump config after load, 7ms
2021-03-27 08:35:47,263 INFO 780091 [egg-watcher:application] watcher start success
2021-03-27 08:35:47,336 INFO 780091 [egg:core] dump config after ready, 9ms
2021-03-27 08:36:26,979 INFO 780329 [egg:logger] init all loggers with options: {"dir":"/graphql-demo/apps/gateway/logs/gateway","encoding":"utf8","env":"local","level":"INFO","consoleLevel":"INFO","disableConsoleAfterReady":false,"outputJSON":false,"buffer":true,"appLogName":"gateway-web.log","coreLogName":"egg-web.log","agentLogName":"egg-agent.log","errorLogName":"common-error.log","coreLogger":{"consoleLevel":"WARN"},"allowDebugAtProd":false,"type":"application"}
2021-03-27 08:36:27,036 INFO 780329 [egg-multipart] stream mode enable
2021-03-27 08:36:27,219 INFO 780329 [egg-static] starting static serve /public/ -> /graphql-demo/apps/gateway/app/public
2021-03-27 08:36:27,222 INFO 780329 [egg-security] use methodnoallow middleware
2021-03-27 08:36:27,222 INFO 780329 [egg-security] use noopen middleware
2021-03-27 08:36:27,223 INFO 780329 [egg-security] use nosniff middleware
2021-03-27 08:36:27,223 INFO 780329 [egg-security] use xssProtection middleware
2021-03-27 08:36:27,224 INFO 780329 [egg-security] use xframe middleware
2021-03-27 08:36:27,224 INFO 780329 [egg-security] use dta middleware
2021-03-27 08:36:27,224 INFO 780329 [egg-security] compose 6 middlewares into one security middleware
2021-03-27 08:36:27,238 INFO 780329 [egg:core] dump config after load, 7ms
2021-03-27 08:36:27,260 INFO 780329 [egg-watcher:application] watcher start success
2021-03-27 08:36:27,336 INFO 780329 [egg:core] dump config after ready, 9ms
2021-03-27 08:36:46,105 INFO 780553 [egg:logger] init all loggers with options: {"dir":"/graphql-demo/apps/gateway/logs/gateway","encoding":"utf8","env":"local","level":"INFO","consoleLevel":"INFO","disableConsoleAfterReady":false,"outputJSON":false,"buffer":true,"appLogName":"gateway-web.log","coreLogName":"egg-web.log","agentLogName":"egg-agent.log","errorLogName":"common-error.log","coreLogger":{"consoleLevel":"WARN"},"allowDebugAtProd":false,"type":"application"}
2021-03-27 08:36:46,145 INFO 780553 [egg-multipart] stream mode enable
2021-03-27 08:36:46,303 INFO 780553 [egg-static] starting static serve /public/ -> /graphql-demo/apps/gateway/app/public
2021-03-27 08:36:46,305 INFO 780553 [egg-security] use methodnoallow middleware
2021-03-27 08:36:46,305 INFO 780553 [egg-security] use noopen middleware
2021-03-27 08:36:46,306 INFO 780553 [egg-security] use nosniff middleware
2021-03-27 08:36:46,306 INFO 780553 [egg-security] use xssProtection middleware
2021-03-27 08:36:46,307 INFO 780553 [egg-security] use xframe middleware
2021-03-27 08:36:46,307 INFO 780553 [egg-security] use dta middleware
2021-03-27 08:36:46,307 INFO 780553 [egg-security] compose 6 middlewares into one security middleware
2021-03-27 08:36:46,320 INFO 780553 [egg:core] dump config after load, 7ms
2021-03-27 08:36:46,352 INFO 780553 [egg-watcher:application] watcher start success
2021-03-27 08:36:46,447 INFO 780553 [egg:core] dump config after ready, 12ms
2021-03-27 08:49:23,716 INFO 782461 [egg:logger] init all loggers with options: {"dir":"/graphql-demo/apps/gateway/logs/gateway","encoding":"utf8","env":"local","level":"INFO","consoleLevel":"INFO","disableConsoleAfterReady":false,"outputJSON":false,"buffer":true,"appLogName":"gateway-web.log","coreLogName":"egg-web.log","agentLogName":"egg-agent.log","errorLogName":"common-error.log","coreLogger":{"consoleLevel":"WARN"},"allowDebugAtProd":false,"type":"application"}
2021-03-27 08:49:23,758 INFO 782461 [egg-multipart] stream mode enable
2021-03-27 08:49:24,090 INFO 782461 [egg-static] starting static serve /public/ -> /graphql-demo/apps/gateway/app/public
2021-03-27 08:49:24,096 INFO 782461 [egg-security] use methodnoallow middleware
2021-03-27 08:49:24,098 INFO 782461 [egg-security] use noopen middleware
2021-03-27 08:49:24,098 INFO 782461 [egg-security] use nosniff middleware
2021-03-27 08:49:24,100 INFO 782461 [egg-security] use xssProtection middleware
2021-03-27 08:49:24,100 INFO 782461 [egg-security] use xframe middleware
2021-03-27 08:49:24,102 INFO 782461 [egg-security] use dta middleware
2021-03-27 08:49:24,102 INFO 782461 [egg-security] compose 6 middlewares into one security middleware
2021-03-27 08:49:24,152 INFO 782461 [egg:core] dump config after load, 8ms
2021-03-27 08:49:24,177 INFO 782461 [egg-watcher:application] watcher start success
2021-03-27 08:49:24,268 INFO 782461 [egg:core] dump config after ready, 9ms
2021-03-27 08:50:22,608 INFO 782921 [egg:logger] init all loggers with options: {"dir":"/graphql-demo/apps/gateway/logs/gateway","encoding":"utf8","env":"local","level":"INFO","consoleLevel":"INFO","disableConsoleAfterReady":false,"outputJSON":false,"buffer":true,"appLogName":"gateway-web.log","coreLogName":"egg-web.log","agentLogName":"egg-agent.log","errorLogName":"common-error.log","coreLogger":{"consoleLevel":"WARN"},"allowDebugAtProd":false,"type":"application"}
2021-03-27 08:50:22,649 INFO 782921 [egg-multipart] stream mode enable
2021-03-27 08:50:23,058 INFO 782921 [egg-static] starting static serve /public/ -> /graphql-demo/apps/gateway/app/public
2021-03-27 08:50:23,071 INFO 782921 [egg-security] use methodnoallow middleware
2021-03-27 08:50:23,073 INFO 782921 [egg-security] use noopen middleware
2021-03-27 08:50:23,074 INFO 782921 [egg-security] use nosniff middleware
2021-03-27 08:50:23,074 INFO 782921 [egg-security] use xssProtection middleware
2021-03-27 08:50:23,074 INFO 782921 [egg-security] use xframe middleware
2021-03-27 08:50:23,075 INFO 782921 [egg-security] use dta middleware
2021-03-27 08:50:23,075 INFO 782921 [egg-security] compose 6 middlewares into one security middleware
2021-03-27 08:50:23,126 INFO 782921 [egg:core] dump config after load, 22ms
2021-03-27 08:50:23,193 INFO 782921 [egg-watcher:application] watcher start success
2021-03-27 08:50:23,533 INFO 782921 [egg:core] dump config after ready, 47ms
2021-03-27 08:51:19,464 INFO 783368 [egg:logger] init all loggers with options: {"dir":"/graphql-demo/apps/gateway/logs/gateway","encoding":"utf8","env":"local","level":"INFO","consoleLevel":"INFO","disableConsoleAfterReady":false,"outputJSON":false,"buffer":true,"appLogName":"gateway-web.log","coreLogName":"egg-web.log","agentLogName":"egg-agent.log","errorLogName":"common-error.log","coreLogger":{"consoleLevel":"WARN"},"allowDebugAtProd":false,"type":"application"}
2021-03-27 08:51:19,526 INFO 783368 [egg-multipart] stream mode enable
2021-03-27 08:51:19,718 INFO 783368 [egg-static] starting static serve /public/ -> /graphql-demo/apps/gateway/app/public
2021-03-27 08:51:19,721 INFO 783368 [egg-security] use methodnoallow middleware
2021-03-27 08:51:19,722 INFO 783368 [egg-security] use noopen middleware
2021-03-27 08:51:19,722 INFO 783368 [egg-security] use nosniff middleware
2021-03-27 08:51:19,733 INFO 783368 [egg-security] use xssProtection middleware
2021-03-27 08:51:19,733 INFO 783368 [egg-security] use xframe middleware
2021-03-27 08:51:19,734 INFO 783368 [egg-security] use dta middleware
2021-03-27 08:51:19,734 INFO 783368 [egg-security] compose 6 middlewares into one security middleware
2021-03-27 08:51:19,748 INFO 783368 [egg:core] dump config after load, 7ms
2021-03-27 08:51:19,768 INFO 783368 [egg-watcher:application] watcher start success
2021-03-27 08:51:19,862 INFO 783368 [egg:core] dump config after ready, 10ms
