2021-03-25 06:58:26,682 ERROR 687564 [-/127.0.0.1/-/4ms GET /] nodejs.Error: Please set config.keys first
    at Application.get keys [as keys] (/graphql-demo/node_modules/egg/lib/application.js:266:15)
    at Object.get cookies [as cookies] (/graphql-demo/node_modules/egg/app/extend/context.js:22:66)
    at Object.get [egg-security#CSRF_SECRET] (/graphql-demo/node_modules/egg-security/app/extend/context.js:91:35)
    at Object.ensureCsrfSecret (/graphql-demo/node_modules/egg-security/app/extend/context.js:104:13)
    at csrf (/graphql-demo/node_modules/egg-security/lib/middlewares/csrf.js:15:11)
    at dispatch (/graphql-demo/node_modules/koa-compose/index.js:42:32)
    at /graphql-demo/node_modules/koa-compose/index.js:34:12
    at dispatch (/graphql-demo/node_modules/koa-compose/index.js:42:32)
    at session (/graphql-demo/node_modules/koa-session/index.js:41:13)
    at dispatch (/graphql-demo/node_modules/koa-compose/index.js:42:32)
    at overrideMethod (/graphql-demo/node_modules/koa-override/index.js:13:70)
    at dispatch (/graphql-demo/node_modules/koa-compose/index.js:42:32)
    at bodyParser (/graphql-demo/node_modules/koa-bodyparser/index.js:95:11)
    at processTicksAndRejections (node:internal/process/task_queues:94:5)
    at /graphql-demo/node_modules/koa-static-cache/index.js:41:56
    at notfound (/graphql-demo/node_modules/egg/app/middleware/notfound.js:5:5)

pid: 687564
hostname: dev-7566587df9-7d644

2021-03-25 06:58:34,635 ERROR 687564 [-/127.0.0.1/-/1ms GET /] nodejs.Error: Please set config.keys first
    at Application.get keys [as keys] (/graphql-demo/node_modules/egg/lib/application.js:266:15)
    at Object.get cookies [as cookies] (/graphql-demo/node_modules/egg/app/extend/context.js:22:66)
    at Object.get [egg-security#CSRF_SECRET] (/graphql-demo/node_modules/egg-security/app/extend/context.js:91:35)
    at Object.ensureCsrfSecret (/graphql-demo/node_modules/egg-security/app/extend/context.js:104:13)
    at csrf (/graphql-demo/node_modules/egg-security/lib/middlewares/csrf.js:15:11)
    at dispatch (/graphql-demo/node_modules/koa-compose/index.js:42:32)
    at /graphql-demo/node_modules/koa-compose/index.js:34:12
    at dispatch (/graphql-demo/node_modules/koa-compose/index.js:42:32)
    at session (/graphql-demo/node_modules/koa-session/index.js:41:13)
    at dispatch (/graphql-demo/node_modules/koa-compose/index.js:42:32)
    at overrideMethod (/graphql-demo/node_modules/koa-override/index.js:13:70)
    at dispatch (/graphql-demo/node_modules/koa-compose/index.js:42:32)
    at bodyParser (/graphql-demo/node_modules/koa-bodyparser/index.js:95:11)
    at processTicksAndRejections (node:internal/process/task_queues:94:5)
    at /graphql-demo/node_modules/koa-static-cache/index.js:41:56
    at notfound (/graphql-demo/node_modules/egg/app/middleware/notfound.js:5:5)

pid: 687564
hostname: dev-7566587df9-7d644

2021-03-25 07:03:54,827 WARN 688790 [-/127.0.0.1/-/17ms POST /graphql] missing csrf token. See https://eggjs.org/zh-cn/core/security.html#安全威胁csrf的防范
2021-03-25 07:03:54,832 WARN 688790 [-/127.0.0.1/-/18ms POST /graphql] nodejs.ForbiddenError: missing csrf token
    at Object.throw (/graphql-demo/node_modules/koa/lib/context.js:97:11)
    at Object.assertCsrf (/graphql-demo/node_modules/egg-security/app/extend/context.js:162:32)
    at csrf (/graphql-demo/node_modules/egg-security/lib/middlewares/csrf.js:33:9)
    at dispatch (/graphql-demo/node_modules/koa-compose/index.js:42:32)
    at /graphql-demo/node_modules/koa-compose/index.js:34:12
    at dispatch (/graphql-demo/node_modules/koa-compose/index.js:42:32)
    at session (/graphql-demo/node_modules/koa-session/index.js:41:13)
    at dispatch (/graphql-demo/node_modules/koa-compose/index.js:42:32)
    at overrideMethod (/graphql-demo/node_modules/koa-override/index.js:38:12)
    at dispatch (/graphql-demo/node_modules/koa-compose/index.js:42:32)
    at bodyParser (/graphql-demo/node_modules/koa-bodyparser/index.js:95:11)
    at processTicksAndRejections (node:internal/process/task_queues:94:5)
    at /graphql-demo/node_modules/koa-static-cache/index.js:39:63
    at notfound (/graphql-demo/node_modules/egg/app/middleware/notfound.js:5:5)
    at meta (/graphql-demo/node_modules/egg/app/middleware/meta.js:17:5)
message: "missing csrf token"
pid: 688790
hostname: dev-7566587df9-7d644

2021-03-25 07:05:32,506 WARN 688790 [-/127.0.0.1/-/1ms POST /graphql] missing csrf token. See https://eggjs.org/zh-cn/core/security.html#安全威胁csrf的防范
2021-03-25 07:05:32,507 WARN 688790 [-/127.0.0.1/-/1ms POST /graphql] nodejs.ForbiddenError: missing csrf token
    at Object.throw (/graphql-demo/node_modules/koa/lib/context.js:97:11)
    at Object.assertCsrf (/graphql-demo/node_modules/egg-security/app/extend/context.js:162:32)
    at csrf (/graphql-demo/node_modules/egg-security/lib/middlewares/csrf.js:33:9)
    at dispatch (/graphql-demo/node_modules/koa-compose/index.js:42:32)
    at /graphql-demo/node_modules/koa-compose/index.js:34:12
    at dispatch (/graphql-demo/node_modules/koa-compose/index.js:42:32)
    at session (/graphql-demo/node_modules/koa-session/index.js:41:13)
    at dispatch (/graphql-demo/node_modules/koa-compose/index.js:42:32)
    at overrideMethod (/graphql-demo/node_modules/koa-override/index.js:38:12)
    at dispatch (/graphql-demo/node_modules/koa-compose/index.js:42:32)
    at bodyParser (/graphql-demo/node_modules/koa-bodyparser/index.js:95:11)
    at processTicksAndRejections (node:internal/process/task_queues:94:5)
    at /graphql-demo/node_modules/koa-static-cache/index.js:39:63
    at notfound (/graphql-demo/node_modules/egg/app/middleware/notfound.js:5:5)
    at meta (/graphql-demo/node_modules/egg/app/middleware/meta.js:17:5)
message: "missing csrf token"
pid: 688790
hostname: dev-7566587df9-7d644

