2021-03-25 06:58:25,292 INFO 687564 [egg:logger] init all loggers with options: {"dir":"/graphql-demo/logs/@kesci/graphql-demo","encoding":"utf8","env":"local","level":"INFO","consoleLevel":"INFO","disableConsoleAfterReady":false,"outputJSON":false,"buffer":true,"appLogName":"@kesci/graphql-demo-web.log","coreLogName":"egg-web.log","agentLogName":"egg-agent.log","errorLogName":"common-error.log","coreLogger":{"consoleLevel":"WARN"},"allowDebugAtProd":false,"type":"application"}
2021-03-25 06:58:25,321 INFO 687564 [egg-multipart] stream mode enable
2021-03-25 06:58:25,448 INFO 687564 [egg-static] starting static serve /public/ -> /graphql-demo/app/public
2021-03-25 06:58:25,451 INFO 687564 [egg-security] use csrf middleware
2021-03-25 06:58:25,452 INFO 687564 [egg-security] use methodnoallow middleware
2021-03-25 06:58:25,453 INFO 687564 [egg-security] use noopen middleware
2021-03-25 06:58:25,453 INFO 687564 [egg-security] use nosniff middleware
2021-03-25 06:58:25,454 INFO 687564 [egg-security] use xssProtection middleware
2021-03-25 06:58:25,455 INFO 687564 [egg-security] use xframe middleware
2021-03-25 06:58:25,455 INFO 687564 [egg-security] use dta middleware
2021-03-25 06:58:25,455 INFO 687564 [egg-security] compose 7 middlewares into one security middleware
2021-03-25 06:58:25,500 INFO 687564 [egg:core] dump config after load, 4ms
2021-03-25 06:58:25,514 INFO 687564 [egg-watcher:application] watcher start success
2021-03-25 06:58:25,522 INFO 687564 [egg:core] dump config after ready, 6ms
2021-03-25 06:59:43,970 INFO 687861 [egg:logger] init all loggers with options: {"dir":"/graphql-demo/logs/@kesci/graphql-demo","encoding":"utf8","env":"local","level":"INFO","consoleLevel":"INFO","disableConsoleAfterReady":false,"outputJSON":false,"buffer":true,"appLogName":"@kesci/graphql-demo-web.log","coreLogName":"egg-web.log","agentLogName":"egg-agent.log","errorLogName":"common-error.log","coreLogger":{"consoleLevel":"WARN"},"allowDebugAtProd":false,"type":"application"}
2021-03-25 06:59:44,008 INFO 687861 [egg-multipart] stream mode enable
2021-03-25 06:59:44,148 INFO 687861 [egg-static] starting static serve /public/ -> /graphql-demo/app/public
2021-03-25 06:59:44,151 INFO 687861 [egg-security] use csrf middleware
2021-03-25 06:59:44,152 INFO 687861 [egg-security] use methodnoallow middleware
2021-03-25 06:59:44,153 INFO 687861 [egg-security] use noopen middleware
2021-03-25 06:59:44,154 INFO 687861 [egg-security] use nosniff middleware
2021-03-25 06:59:44,154 INFO 687861 [egg-security] use xssProtection middleware
2021-03-25 06:59:44,155 INFO 687861 [egg-security] use xframe middleware
2021-03-25 06:59:44,156 INFO 687861 [egg-security] use dta middleware
2021-03-25 06:59:44,156 INFO 687861 [egg-security] compose 7 middlewares into one security middleware
2021-03-25 06:59:44,219 INFO 687861 [egg:core] dump config after load, 6ms
2021-03-25 06:59:44,263 INFO 687861 [egg-watcher:application] watcher start success
2021-03-25 06:59:44,274 INFO 687861 [egg:core] dump config after ready, 8ms
2021-03-25 07:01:23,393 INFO 688149 [egg:logger] init all loggers with options: {"dir":"/graphql-demo/logs/@kesci/graphql-demo","encoding":"utf8","env":"local","level":"INFO","consoleLevel":"INFO","disableConsoleAfterReady":false,"outputJSON":false,"buffer":true,"appLogName":"@kesci/graphql-demo-web.log","coreLogName":"egg-web.log","agentLogName":"egg-agent.log","errorLogName":"common-error.log","coreLogger":{"consoleLevel":"WARN"},"allowDebugAtProd":false,"type":"application"}
2021-03-25 07:01:23,426 INFO 688149 [egg-multipart] stream mode enable
2021-03-25 07:01:23,494 INFO 688149 [egg-static] starting static serve /public/ -> /graphql-demo/app/public
2021-03-25 07:01:23,497 INFO 688149 [egg-security] use csrf middleware
2021-03-25 07:01:23,497 INFO 688149 [egg-security] use methodnoallow middleware
2021-03-25 07:01:23,497 INFO 688149 [egg-security] use noopen middleware
2021-03-25 07:01:23,498 INFO 688149 [egg-security] use nosniff middleware
2021-03-25 07:01:23,498 INFO 688149 [egg-security] use xssProtection middleware
2021-03-25 07:01:23,498 INFO 688149 [egg-security] use xframe middleware
2021-03-25 07:01:23,499 INFO 688149 [egg-security] use dta middleware
2021-03-25 07:01:23,499 INFO 688149 [egg-security] compose 7 middlewares into one security middleware
2021-03-25 07:01:23,508 INFO 688149 [egg:core] dump config after load, 4ms
2021-03-25 07:01:23,524 INFO 688149 [egg-watcher:application] watcher start success
2021-03-25 07:01:23,531 INFO 688149 [egg:core] dump config after ready, 5ms
2021-03-25 07:01:34,175 INFO 688168 [egg:logger] init all loggers with options: {"dir":"/graphql-demo/logs/@kesci/graphql-demo","encoding":"utf8","env":"local","level":"INFO","consoleLevel":"INFO","disableConsoleAfterReady":false,"outputJSON":false,"buffer":true,"appLogName":"@kesci/graphql-demo-web.log","coreLogName":"egg-web.log","agentLogName":"egg-agent.log","errorLogName":"common-error.log","coreLogger":{"consoleLevel":"WARN"},"allowDebugAtProd":false,"type":"application"}
2021-03-25 07:01:34,250 INFO 688168 [egg-multipart] stream mode enable
2021-03-25 07:01:34,437 INFO 688168 [egg-static] starting static serve /public/ -> /graphql-demo/app/public
2021-03-25 07:01:34,440 INFO 688168 [egg-security] use csrf middleware
2021-03-25 07:01:34,441 INFO 688168 [egg-security] use methodnoallow middleware
2021-03-25 07:01:34,442 INFO 688168 [egg-security] use noopen middleware
2021-03-25 07:01:34,442 INFO 688168 [egg-security] use nosniff middleware
2021-03-25 07:01:34,443 INFO 688168 [egg-security] use xssProtection middleware
2021-03-25 07:01:34,444 INFO 688168 [egg-security] use xframe middleware
2021-03-25 07:01:34,445 INFO 688168 [egg-security] use dta middleware
2021-03-25 07:01:34,445 INFO 688168 [egg-security] compose 7 middlewares into one security middleware
2021-03-25 07:01:34,498 INFO 688168 [egg:core] dump config after load, 4ms
2021-03-25 07:01:34,513 INFO 688168 [egg-watcher:application] watcher start success
2021-03-25 07:01:34,523 INFO 688168 [egg:core] dump config after ready, 6ms
2021-03-25 07:02:27,367 INFO 688451 [egg:logger] init all loggers with options: {"dir":"/graphql-demo/logs/@kesci/graphql-demo","encoding":"utf8","env":"local","level":"INFO","consoleLevel":"INFO","disableConsoleAfterReady":false,"outputJSON":false,"buffer":true,"appLogName":"@kesci/graphql-demo-web.log","coreLogName":"egg-web.log","agentLogName":"egg-agent.log","errorLogName":"common-error.log","coreLogger":{"consoleLevel":"WARN"},"allowDebugAtProd":false,"type":"application"}
2021-03-25 07:02:27,396 INFO 688451 [egg-multipart] stream mode enable
2021-03-25 07:02:27,456 INFO 688451 [egg-static] starting static serve /public/ -> /graphql-demo/app/public
2021-03-25 07:02:27,458 INFO 688451 [egg-security] use csrf middleware
2021-03-25 07:02:27,459 INFO 688451 [egg-security] use methodnoallow middleware
2021-03-25 07:02:27,459 INFO 688451 [egg-security] use noopen middleware
2021-03-25 07:02:27,459 INFO 688451 [egg-security] use nosniff middleware
2021-03-25 07:02:27,460 INFO 688451 [egg-security] use xssProtection middleware
2021-03-25 07:02:27,460 INFO 688451 [egg-security] use xframe middleware
2021-03-25 07:02:27,460 INFO 688451 [egg-security] use dta middleware
2021-03-25 07:02:27,460 INFO 688451 [egg-security] compose 7 middlewares into one security middleware
2021-03-25 07:02:27,469 INFO 688451 [egg:core] dump config after load, 4ms
2021-03-25 07:02:27,479 INFO 688451 [egg-watcher:application] watcher start success
2021-03-25 07:02:27,488 INFO 688451 [egg:core] dump config after ready, 7ms
2021-03-25 07:02:52,138 INFO 688606 [egg:logger] init all loggers with options: {"dir":"/graphql-demo/logs/@kesci/graphql-demo","encoding":"utf8","env":"local","level":"INFO","consoleLevel":"INFO","disableConsoleAfterReady":false,"outputJSON":false,"buffer":true,"appLogName":"@kesci/graphql-demo-web.log","coreLogName":"egg-web.log","agentLogName":"egg-agent.log","errorLogName":"common-error.log","coreLogger":{"consoleLevel":"WARN"},"allowDebugAtProd":false,"type":"application"}
2021-03-25 07:02:52,185 INFO 688606 [egg-multipart] stream mode enable
2021-03-25 07:02:52,263 INFO 688606 [egg-static] starting static serve /public/ -> /graphql-demo/app/public
2021-03-25 07:02:52,266 INFO 688606 [egg-security] use csrf middleware
2021-03-25 07:02:52,266 INFO 688606 [egg-security] use methodnoallow middleware
2021-03-25 07:02:52,267 INFO 688606 [egg-security] use noopen middleware
2021-03-25 07:02:52,267 INFO 688606 [egg-security] use nosniff middleware
2021-03-25 07:02:52,268 INFO 688606 [egg-security] use xssProtection middleware
2021-03-25 07:02:52,268 INFO 688606 [egg-security] use xframe middleware
2021-03-25 07:02:52,269 INFO 688606 [egg-security] use dta middleware
2021-03-25 07:02:52,269 INFO 688606 [egg-security] compose 7 middlewares into one security middleware
2021-03-25 07:02:56,788 INFO 688606 [egg:core] dump config after load, 4ms
2021-03-25 07:02:56,800 INFO 688606 [egg-watcher:application] watcher start success
2021-03-25 07:02:56,807 INFO 688606 [egg:core] dump config after ready, 5ms
2021-03-25 07:02:58,272 INFO 688683 [egg:logger] init all loggers with options: {"dir":"/graphql-demo/logs/@kesci/graphql-demo","encoding":"utf8","env":"local","level":"INFO","consoleLevel":"INFO","disableConsoleAfterReady":false,"outputJSON":false,"buffer":true,"appLogName":"@kesci/graphql-demo-web.log","coreLogName":"egg-web.log","agentLogName":"egg-agent.log","errorLogName":"common-error.log","coreLogger":{"consoleLevel":"WARN"},"allowDebugAtProd":false,"type":"application"}
2021-03-25 07:02:58,302 INFO 688683 [egg-multipart] stream mode enable
2021-03-25 07:02:58,367 INFO 688683 [egg-static] starting static serve /public/ -> /graphql-demo/app/public
2021-03-25 07:02:58,370 INFO 688683 [egg-security] use csrf middleware
2021-03-25 07:02:58,370 INFO 688683 [egg-security] use methodnoallow middleware
2021-03-25 07:02:58,371 INFO 688683 [egg-security] use noopen middleware
2021-03-25 07:02:58,371 INFO 688683 [egg-security] use nosniff middleware
2021-03-25 07:02:58,372 INFO 688683 [egg-security] use xssProtection middleware
2021-03-25 07:02:58,372 INFO 688683 [egg-security] use xframe middleware
2021-03-25 07:02:58,373 INFO 688683 [egg-security] use dta middleware
2021-03-25 07:02:58,373 INFO 688683 [egg-security] compose 7 middlewares into one security middleware
2021-03-25 07:02:58,580 INFO 688683 [egg:core] dump config after load, 4ms
2021-03-25 07:02:58,591 INFO 688683 [egg-watcher:application] watcher start success
2021-03-25 07:02:58,599 INFO 688683 [egg:core] dump config after ready, 6ms
2021-03-25 07:03:12,413 INFO 688790 [egg:logger] init all loggers with options: {"dir":"/graphql-demo/logs/@kesci/graphql-demo","encoding":"utf8","env":"local","level":"INFO","consoleLevel":"INFO","disableConsoleAfterReady":false,"outputJSON":false,"buffer":true,"appLogName":"@kesci/graphql-demo-web.log","coreLogName":"egg-web.log","agentLogName":"egg-agent.log","errorLogName":"common-error.log","coreLogger":{"consoleLevel":"WARN"},"allowDebugAtProd":false,"type":"application"}
2021-03-25 07:03:12,451 INFO 688790 [egg-multipart] stream mode enable
2021-03-25 07:03:12,532 INFO 688790 [egg-static] starting static serve /public/ -> /graphql-demo/app/public
2021-03-25 07:03:12,535 INFO 688790 [egg-security] use csrf middleware
2021-03-25 07:03:12,535 INFO 688790 [egg-security] use methodnoallow middleware
2021-03-25 07:03:12,536 INFO 688790 [egg-security] use noopen middleware
2021-03-25 07:03:12,536 INFO 688790 [egg-security] use nosniff middleware
2021-03-25 07:03:12,537 INFO 688790 [egg-security] use xssProtection middleware
2021-03-25 07:03:12,537 INFO 688790 [egg-security] use xframe middleware
2021-03-25 07:03:12,537 INFO 688790 [egg-security] use dta middleware
2021-03-25 07:03:12,538 INFO 688790 [egg-security] compose 7 middlewares into one security middleware
2021-03-25 07:03:12,728 INFO 688790 [egg:core] dump config after load, 4ms
2021-03-25 07:03:12,746 INFO 688790 [egg-watcher:application] watcher start success
2021-03-25 07:03:12,754 INFO 688790 [egg:core] dump config after ready, 6ms
2021-03-25 07:06:40,608 INFO 689088 [egg:logger] init all loggers with options: {"dir":"/graphql-demo/logs/@kesci/graphql-demo","encoding":"utf8","env":"local","level":"INFO","consoleLevel":"INFO","disableConsoleAfterReady":false,"outputJSON":false,"buffer":true,"appLogName":"@kesci/graphql-demo-web.log","coreLogName":"egg-web.log","agentLogName":"egg-agent.log","errorLogName":"common-error.log","coreLogger":{"consoleLevel":"WARN"},"allowDebugAtProd":false,"type":"application"}
2021-03-25 07:06:40,637 INFO 689088 [egg-multipart] stream mode enable
2021-03-25 07:06:40,693 INFO 689088 [egg-static] starting static serve /public/ -> /graphql-demo/app/public
2021-03-25 07:06:40,695 INFO 689088 [egg-security] use methodnoallow middleware
2021-03-25 07:06:40,695 INFO 689088 [egg-security] use noopen middleware
2021-03-25 07:06:40,695 INFO 689088 [egg-security] use nosniff middleware
2021-03-25 07:06:40,696 INFO 689088 [egg-security] use xssProtection middleware
2021-03-25 07:06:40,696 INFO 689088 [egg-security] use xframe middleware
2021-03-25 07:06:40,696 INFO 689088 [egg-security] use dta middleware
2021-03-25 07:06:40,696 INFO 689088 [egg-security] compose 6 middlewares into one security middleware
2021-03-25 07:06:40,849 INFO 689088 [egg:core] dump config after load, 5ms
2021-03-25 07:06:40,864 INFO 689088 [egg-watcher:application] watcher start success
2021-03-25 07:06:40,873 INFO 689088 [egg:core] dump config after ready, 7ms
2021-03-25 07:09:28,341 INFO 689161 [egg:logger] init all loggers with options: {"dir":"/graphql-demo/logs/@kesci/graphql-demo","encoding":"utf8","env":"local","level":"INFO","consoleLevel":"INFO","disableConsoleAfterReady":false,"outputJSON":false,"buffer":true,"appLogName":"@kesci/graphql-demo-web.log","coreLogName":"egg-web.log","agentLogName":"egg-agent.log","errorLogName":"common-error.log","coreLogger":{"consoleLevel":"WARN"},"allowDebugAtProd":false,"type":"application"}
2021-03-25 07:09:28,370 INFO 689161 [egg-multipart] stream mode enable
2021-03-25 07:09:28,429 INFO 689161 [egg-static] starting static serve /public/ -> /graphql-demo/app/public
2021-03-25 07:09:28,431 INFO 689161 [egg-security] use methodnoallow middleware
2021-03-25 07:09:28,432 INFO 689161 [egg-security] use noopen middleware
2021-03-25 07:09:28,432 INFO 689161 [egg-security] use nosniff middleware
2021-03-25 07:09:28,432 INFO 689161 [egg-security] use xssProtection middleware
2021-03-25 07:09:28,433 INFO 689161 [egg-security] use xframe middleware
2021-03-25 07:09:28,433 INFO 689161 [egg-security] use dta middleware
2021-03-25 07:09:28,433 INFO 689161 [egg-security] compose 6 middlewares into one security middleware
2021-03-25 07:09:32,789 INFO 689161 [egg:core] dump config after load, 4ms
2021-03-25 07:09:32,800 INFO 689161 [egg-watcher:application] watcher start success
2021-03-25 07:09:32,808 INFO 689161 [egg:core] dump config after ready, 6ms
2021-03-25 08:19:47,800 INFO 691158 [egg:logger] init all loggers with options: {"dir":"/graphql-demo/logs/@kesci/graphql-demo","encoding":"utf8","env":"local","level":"INFO","consoleLevel":"INFO","disableConsoleAfterReady":false,"outputJSON":false,"buffer":true,"appLogName":"@kesci/graphql-demo-web.log","coreLogName":"egg-web.log","agentLogName":"egg-agent.log","errorLogName":"common-error.log","coreLogger":{"consoleLevel":"WARN"},"allowDebugAtProd":false,"type":"application"}
2021-03-25 08:19:47,830 INFO 691158 [egg-multipart] stream mode enable
2021-03-25 08:19:47,946 INFO 691158 [egg-static] starting static serve /public/ -> /graphql-demo/app/public
2021-03-25 08:19:47,948 INFO 691158 [egg-security] use methodnoallow middleware
2021-03-25 08:19:47,949 INFO 691158 [egg-security] use noopen middleware
2021-03-25 08:19:47,950 INFO 691158 [egg-security] use nosniff middleware
2021-03-25 08:19:47,950 INFO 691158 [egg-security] use xssProtection middleware
2021-03-25 08:19:47,951 INFO 691158 [egg-security] use xframe middleware
2021-03-25 08:19:47,952 INFO 691158 [egg-security] use dta middleware
2021-03-25 08:19:47,952 INFO 691158 [egg-security] compose 6 middlewares into one security middleware
2021-03-25 08:19:51,237 INFO 691158 [egg:core] dump config after load, 4ms
2021-03-25 08:19:51,253 INFO 691158 [egg-watcher:application] watcher start success
2021-03-25 08:19:51,261 INFO 691158 [egg:core] dump config after ready, 6ms
2021-03-25 08:23:38,182 INFO 691666 [egg:logger] init all loggers with options: {"dir":"/graphql-demo/logs/@kesci/graphql-demo","encoding":"utf8","env":"local","level":"INFO","consoleLevel":"INFO","disableConsoleAfterReady":false,"outputJSON":false,"buffer":true,"appLogName":"@kesci/graphql-demo-web.log","coreLogName":"egg-web.log","agentLogName":"egg-agent.log","errorLogName":"common-error.log","coreLogger":{"consoleLevel":"WARN"},"allowDebugAtProd":false,"type":"application"}
2021-03-25 08:23:38,211 INFO 691666 [egg-multipart] stream mode enable
2021-03-25 08:23:38,323 INFO 691666 [egg-static] starting static serve /public/ -> /graphql-demo/app/public
2021-03-25 08:23:38,325 INFO 691666 [egg-security] use methodnoallow middleware
2021-03-25 08:23:38,326 INFO 691666 [egg-security] use noopen middleware
2021-03-25 08:23:38,327 INFO 691666 [egg-security] use nosniff middleware
2021-03-25 08:23:38,328 INFO 691666 [egg-security] use xssProtection middleware
2021-03-25 08:23:38,328 INFO 691666 [egg-security] use xframe middleware
2021-03-25 08:23:38,329 INFO 691666 [egg-security] use dta middleware
2021-03-25 08:23:38,329 INFO 691666 [egg-security] compose 6 middlewares into one security middleware
2021-03-25 08:23:41,743 INFO 691666 [egg:core] dump config after load, 5ms
2021-03-25 08:23:41,761 INFO 691666 [egg-watcher:application] watcher start success
2021-03-25 08:23:41,769 INFO 691666 [egg:core] dump config after ready, 5ms
2021-03-25 08:29:21,186 INFO 692605 [egg:logger] init all loggers with options: {"dir":"/graphql-demo/logs/@kesci/graphql-demo","encoding":"utf8","env":"local","level":"INFO","consoleLevel":"INFO","disableConsoleAfterReady":false,"outputJSON":false,"buffer":true,"appLogName":"@kesci/graphql-demo-web.log","coreLogName":"egg-web.log","agentLogName":"egg-agent.log","errorLogName":"common-error.log","coreLogger":{"consoleLevel":"WARN"},"allowDebugAtProd":false,"type":"application"}
2021-03-25 08:29:21,216 INFO 692605 [egg-multipart] stream mode enable
2021-03-25 08:29:21,292 INFO 692605 [egg-static] starting static serve /public/ -> /graphql-demo/app/public
2021-03-25 08:29:21,295 INFO 692605 [egg-security] use methodnoallow middleware
2021-03-25 08:29:21,295 INFO 692605 [egg-security] use noopen middleware
2021-03-25 08:29:21,296 INFO 692605 [egg-security] use nosniff middleware
2021-03-25 08:29:21,296 INFO 692605 [egg-security] use xssProtection middleware
2021-03-25 08:29:21,297 INFO 692605 [egg-security] use xframe middleware
2021-03-25 08:29:21,297 INFO 692605 [egg-security] use dta middleware
2021-03-25 08:29:21,297 INFO 692605 [egg-security] compose 6 middlewares into one security middleware
2021-03-25 08:29:21,515 INFO 692605 [egg:core] dump config after load, 5ms
2021-03-25 08:29:21,531 INFO 692605 [egg-watcher:application] watcher start success
2021-03-25 08:29:21,542 INFO 692605 [egg:core] dump config after ready, 8ms
